<?xml version="1.0" encoding="utf-8" ?>
<!-- DO NOT EDIT THIS FILE -->

<log version='2.0' source='tcet'>
	<!-- Sampling enabled with the following: -->
	<!--     Budget                              5: -->
	<!--     Overdraft Budget                   75: -->
	<!--     Savings Budget                      2: -->
	<!-- Opened annotation file D:\Program Files\IntelSWTools\Inspector 2017\bin64\..\config\tc\qt.ant -->
	<!-- Opened annotation file D:\Program Files\IntelSWTools\Inspector 2017\bin64\..\config\tc\cpp11.ant -->
	<!-- Opened annotation file D:\Program Files\IntelSWTools\Inspector 2017\bin64\..\config\tc\fortran.ant -->
	<!-- Opened annotation file D:\Program Files\IntelSWTools\Inspector 2017\bin64\..\config\tc\icl.ant -->
	<!-- Opened annotation file D:\Program Files\IntelSWTools\Inspector 2017\bin64\..\config\tc\allocators.ant -->
	<!-- Opened annotation file D:\Program Files\IntelSWTools\Inspector 2017\bin64\..\config\tc\boost.ant -->
	<msg id='1' display='false' source='tccore'>
		<type>START</type>
		<severity>INFO</severity>
		<timestamp>Sun Jun 11 09:31:52 2017</timestamp>
	</msg>
	<!-- Successfully loaded CCRT 13.0.4 at address 0xc41d0000 - 0xc43b9000 -->
	<!-- Successfully loaded the TC Analysis Core 8.0.23 at address 0x7fee8730000 - 0x7fee875e000 -->
	<!-- Successfully loaded the TC Instrumentation Engine 8.0.23 at address 0xc41d0000 - 0xc43b9000 -->
	<!-- This is the instance of interest -->
	<msg id='2' source='tcet'>
		<type>EXEC_OF_INTEREST</type>
		<severity>INFO</severity>
		<timestamp>Sun Jun 11 09:31:52 2017</timestamp>
		<arg name='process'>c:\users\student\documents\visual studio 2015\projects\pro-210_skt_lab2_bogatyrev\x64\debug\pro-210_skt_lab2_bogatyrev.exe</arg>
		<arg name='pid'>4292</arg>
	</msg>
	<msg id='3' source='tcet'>
		<type>LOAD_MODULE</type>
		<severity>INFO</severity>
		<timestamp>Sun Jun 11 09:31:52 2017</timestamp>
		<arg name='module'>c:\windows\system32\kernel32.dll</arg>
		<arg name='basement'>0x77570000</arg>
		<arg name='ceiling'>0x7768efff</arg>
	</msg>
	<!-- Target OS: Win7 or Server 2K8R2 -->
	<!-- NtDelayExecution was replaced in ntdll.dll -->
	<msg id='4' source='tcet'>
		<type>LOAD_MODULE</type>
		<severity>INFO</severity>
		<timestamp>Sun Jun 11 09:31:52 2017</timestamp>
		<arg name='module'>c:\windows\system32\ntdll.dll</arg>
		<arg name='basement'>0x77690000</arg>
		<arg name='ceiling'>0x77839fff</arg>
	</msg>
	<!-- Target OS: Win7 or Server 2K8R2 -->
	<msg id='5' source='tcet'>
		<type>LOAD_MODULE</type>
		<severity>INFO</severity>
		<timestamp>Sun Jun 11 09:31:52 2017</timestamp>
		<arg name='module'>c:\users\student\documents\visual studio 2015\projects\pro-210_skt_lab2_bogatyrev\x64\debug\pro-210_skt_lab2_bogatyrev.exe</arg>
		<arg name='basement'>0x13f3b0000</arg>
		<arg name='ceiling'>0x13f3c5fff</arg>
	</msg>
	<msg id='6' source='tcet'>
		<type>LOAD_MODULE</type>
		<severity>INFO</severity>
		<timestamp>Sun Jun 11 09:31:52 2017</timestamp>
		<arg name='module'>c:\windows\system32\kernelbase.dll</arg>
		<arg name='basement'>0x7fefd690000</arg>
		<arg name='ceiling'>0x7fefd6f9fff</arg>
	</msg>
	<!-- Target OS: Win7 or Server 2K8R2 -->
	<msg id='7' source='tcet'>
		<type>LOAD_MODULE</type>
		<severity>INFO</severity>
		<timestamp>Sun Jun 11 09:31:52 2017</timestamp>
		<arg name='module'>d:\program files\intelswtools\compilers_and_libraries_2017\windows\redist\intel64\compiler\libiomp5md.dll</arg>
		<arg name='basement'>0x7fee72c0000</arg>
		<arg name='ceiling'>0x7fee742ffff</arg>
	</msg>
	<msg id='8' source='tcet'>
		<type>LOAD_MODULE</type>
		<severity>INFO</severity>
		<timestamp>Sun Jun 11 09:31:52 2017</timestamp>
		<arg name='module'>d:\program files\intelswtools\compilers_and_libraries_2017\windows\redist\intel64\compiler\libmmd.dll</arg>
		<arg name='basement'>0x7fedff20000</arg>
		<arg name='ceiling'>0x7fee0276fff</arg>
	</msg>
	<msg id='9' source='tcet'>
		<type>LOAD_MODULE</type>
		<severity>INFO</severity>
		<timestamp>Sun Jun 11 09:31:52 2017</timestamp>
		<arg name='module'>c:\windows\system32\vcruntime140d.dll</arg>
		<arg name='basement'>0x7fef81f0000</arg>
		<arg name='ceiling'>0x7fef8211fff</arg>
	</msg>
	<msg id='10' source='tcet'>
		<type>LOAD_MODULE</type>
		<severity>INFO</severity>
		<timestamp>Sun Jun 11 09:31:52 2017</timestamp>
		<arg name='module'>c:\windows\system32\ucrtbased.dll</arg>
		<arg name='basement'>0x7fee7c50000</arg>
		<arg name='ceiling'>0x7fee7e0afff</arg>
	</msg>
	<msg id='11' source='tcet'>
		<type>LOAD_MODULE</type>
		<severity>INFO</severity>
		<timestamp>Sun Jun 11 09:31:52 2017</timestamp>
		<arg name='module'>c:\windows\system32\api-ms-win-core-timezone-l1-1-0.dll</arg>
		<arg name='basement'>0x7fef58c0000</arg>
		<arg name='ceiling'>0x7fef58c2fff</arg>
	</msg>
	<!-- Routine at entry point of image c:\windows\system32\api-ms-win-core-timezone-l1-1-0.dll is invalid -->
	<msg id='12' source='tcet'>
		<type>LOAD_MODULE</type>
		<severity>INFO</severity>
		<timestamp>Sun Jun 11 09:31:52 2017</timestamp>
		<arg name='module'>c:\windows\system32\api-ms-win-core-file-l2-1-0.dll</arg>
		<arg name='basement'>0x7fef58b0000</arg>
		<arg name='ceiling'>0x7fef58b2fff</arg>
	</msg>
	<!-- Routine at entry point of image c:\windows\system32\api-ms-win-core-file-l2-1-0.dll is invalid -->
	<msg id='13' source='tcet'>
		<type>LOAD_MODULE</type>
		<severity>INFO</severity>
		<timestamp>Sun Jun 11 09:31:52 2017</timestamp>
		<arg name='module'>c:\windows\system32\api-ms-win-core-localization-l1-2-0.dll</arg>
		<arg name='basement'>0x7fef58a0000</arg>
		<arg name='ceiling'>0x7fef58a2fff</arg>
	</msg>
	<!-- Routine at entry point of image c:\windows\system32\api-ms-win-core-localization-l1-2-0.dll is invalid -->
	<msg id='14' source='tcet'>
		<type>LOAD_MODULE</type>
		<severity>INFO</severity>
		<timestamp>Sun Jun 11 09:31:52 2017</timestamp>
		<arg name='module'>c:\windows\system32\api-ms-win-core-synch-l1-2-0.dll</arg>
		<arg name='basement'>0x7fef5890000</arg>
		<arg name='ceiling'>0x7fef5892fff</arg>
	</msg>
	<!-- Routine at entry point of image c:\windows\system32\api-ms-win-core-synch-l1-2-0.dll is invalid -->
	<msg id='15' source='tcet'>
		<type>LOAD_MODULE</type>
		<severity>INFO</severity>
		<timestamp>Sun Jun 11 09:31:52 2017</timestamp>
		<arg name='module'>c:\windows\system32\api-ms-win-core-processthreads-l1-1-1.dll</arg>
		<arg name='basement'>0x7fef3c60000</arg>
		<arg name='ceiling'>0x7fef3c62fff</arg>
	</msg>
	<!-- Routine at entry point of image c:\windows\system32\api-ms-win-core-processthreads-l1-1-1.dll is invalid -->
	<msg id='16' source='tcet'>
		<type>LOAD_MODULE</type>
		<severity>INFO</severity>
		<timestamp>Sun Jun 11 09:31:52 2017</timestamp>
		<arg name='module'>c:\windows\system32\api-ms-win-core-file-l1-2-0.dll</arg>
		<arg name='basement'>0x7fef3c50000</arg>
		<arg name='ceiling'>0x7fef3c52fff</arg>
	</msg>
	<!-- Routine at entry point of image c:\windows\system32\api-ms-win-core-file-l1-2-0.dll is invalid -->
	<!-- Thread 0 effective sampling rate is 124/186 -->
	<!-- Thread 2 effective sampling rate is 0/0 -->
	<msg id='17' source='tcet'>
		<type>UNLOAD_MODULE</type>
		<severity>INFO</severity>
		<timestamp>Sun Jun 11 09:31:53 2017</timestamp>
		<arg name='module'>c:\windows\system32\kernel32.dll</arg>
	</msg>
	<msg id='18' source='tcet'>
		<type>UNLOAD_MODULE</type>
		<severity>INFO</severity>
		<timestamp>Sun Jun 11 09:31:53 2017</timestamp>
		<arg name='module'>c:\windows\system32\ntdll.dll</arg>
	</msg>
	<msg id='19' source='tcet'>
		<type>UNLOAD_MODULE</type>
		<severity>INFO</severity>
		<timestamp>Sun Jun 11 09:31:53 2017</timestamp>
		<arg name='module'>c:\users\student\documents\visual studio 2015\projects\pro-210_skt_lab2_bogatyrev\x64\debug\pro-210_skt_lab2_bogatyrev.exe</arg>
	</msg>
	<msg id='20' source='tcet'>
		<type>UNLOAD_MODULE</type>
		<severity>INFO</severity>
		<timestamp>Sun Jun 11 09:31:53 2017</timestamp>
		<arg name='module'>c:\windows\system32\kernelbase.dll</arg>
	</msg>
	<msg id='21' source='tcet'>
		<type>UNLOAD_MODULE</type>
		<severity>INFO</severity>
		<timestamp>Sun Jun 11 09:31:53 2017</timestamp>
		<arg name='module'>d:\program files\intelswtools\compilers_and_libraries_2017\windows\redist\intel64\compiler\libiomp5md.dll</arg>
	</msg>
	<msg id='22' source='tcet'>
		<type>UNLOAD_MODULE</type>
		<severity>INFO</severity>
		<timestamp>Sun Jun 11 09:31:53 2017</timestamp>
		<arg name='module'>d:\program files\intelswtools\compilers_and_libraries_2017\windows\redist\intel64\compiler\libmmd.dll</arg>
	</msg>
	<msg id='23' source='tcet'>
		<type>UNLOAD_MODULE</type>
		<severity>INFO</severity>
		<timestamp>Sun Jun 11 09:31:53 2017</timestamp>
		<arg name='module'>c:\windows\system32\vcruntime140d.dll</arg>
	</msg>
	<msg id='24' source='tcet'>
		<type>UNLOAD_MODULE</type>
		<severity>INFO</severity>
		<timestamp>Sun Jun 11 09:31:53 2017</timestamp>
		<arg name='module'>c:\windows\system32\ucrtbased.dll</arg>
	</msg>
	<msg id='25' source='tcet'>
		<type>UNLOAD_MODULE</type>
		<severity>INFO</severity>
		<timestamp>Sun Jun 11 09:31:53 2017</timestamp>
		<arg name='module'>c:\windows\system32\api-ms-win-core-timezone-l1-1-0.dll</arg>
	</msg>
	<msg id='26' source='tcet'>
		<type>UNLOAD_MODULE</type>
		<severity>INFO</severity>
		<timestamp>Sun Jun 11 09:31:53 2017</timestamp>
		<arg name='module'>c:\windows\system32\api-ms-win-core-file-l2-1-0.dll</arg>
	</msg>
	<msg id='27' source='tcet'>
		<type>UNLOAD_MODULE</type>
		<severity>INFO</severity>
		<timestamp>Sun Jun 11 09:31:53 2017</timestamp>
		<arg name='module'>c:\windows\system32\api-ms-win-core-localization-l1-2-0.dll</arg>
	</msg>
	<msg id='28' source='tcet'>
		<type>UNLOAD_MODULE</type>
		<severity>INFO</severity>
		<timestamp>Sun Jun 11 09:31:53 2017</timestamp>
		<arg name='module'>c:\windows\system32\api-ms-win-core-synch-l1-2-0.dll</arg>
	</msg>
	<msg id='29' source='tcet'>
		<type>UNLOAD_MODULE</type>
		<severity>INFO</severity>
		<timestamp>Sun Jun 11 09:31:53 2017</timestamp>
		<arg name='module'>c:\windows\system32\api-ms-win-core-processthreads-l1-1-1.dll</arg>
	</msg>
	<msg id='30' source='tcet'>
		<type>UNLOAD_MODULE</type>
		<severity>INFO</severity>
		<timestamp>Sun Jun 11 09:31:53 2017</timestamp>
		<arg name='module'>c:\windows\system32\api-ms-win-core-file-l1-2-0.dll</arg>
	</msg>
	<msg id='31' source='tcet'>
		<type>PROCESS_TERMINATE</type>
		<severity>INFO</severity>
		<timestamp>Sun Jun 11 09:31:53 2017</timestamp>
		<arg name='process'>c:\users\student\documents\visual studio 2015\projects\pro-210_skt_lab2_bogatyrev\x64\debug\pro-210_skt_lab2_bogatyrev.exe</arg>
		<arg name='pid'>4292</arg>
	</msg>
	<msg id='32' display='false' source='tccore'>
		<type>ANALYSIS_COMPLETE</type>
		<severity>INFO</severity>
		<timestamp>Sun Jun 11 09:31:53 2017</timestamp>
	</msg>
	<msg id='33' display='false' source='tccore'>
		<type>STOP</type>
		<severity>INFO</severity>
		<timestamp>Sun Jun 11 09:31:53 2017</timestamp>
	</msg>
</log>