<?xml version="1.0" encoding="utf-8"?>
<log version="1.0" tool="runtool">

<msg id="1" tool="runtool">
  <type>log-start</type>
  <arg>2017/03/14 09:37:09</arg>
</msg>
<msg id="2" tool="runtool">
  <type>collector-starts</type>
</msg>
<msg id="3" tool="runtool">
  <type>marker-file</type>
  <arg>c:\Users\student\Documents\Visual Studio 2015\Projects\PRO-210_SKT_LAB2_Bogatyrev\PRO-210_SKT_LAB2_Bogatyrev\My Inspector Results - PRO-210_SKT_LAB2_Bogatyrev\r005ti3\r005ti3.inspxe</arg>
</msg>
<msg id="4" tool="tc">
  <type>START</type>
  <severity>INFO</severity>
  <timestamp>Sun Jun 11 09:37:09 2017</timestamp>
</msg>
<msg id="5" tool="tc">
  <type>EXEC_OF_INTEREST</type>
  <arg>c:\users\student\documents\visual studio 2015\projects\pro-210_skt_lab2_bogatyrev\x64\debug\pro-210_skt_lab2_bogatyrev.exe</arg>
  <arg>3800</arg>
  <severity>INFO</severity>
  <timestamp>Sun Jun 11 09:37:09 2017</timestamp>
</msg>
<msg id="6" tool="tc">
  <type>LOAD_MODULE</type>
  <arg>c:\windows\system32\kernel32.dll</arg>
  <arg>0x77570000</arg>
  <arg>0x7768efff</arg>
  <severity>INFO</severity>
  <timestamp>Sun Jun 11 09:37:09 2017</timestamp>
</msg>
<msg id="7" tool="tc">
  <type>LOAD_MODULE</type>
  <arg>c:\windows\system32\ntdll.dll</arg>
  <arg>0x77690000</arg>
  <arg>0x77839fff</arg>
  <severity>INFO</severity>
  <timestamp>Sun Jun 11 09:37:09 2017</timestamp>
</msg>
<msg id="8" tool="tc">
  <type>LOAD_MODULE</type>
  <arg>c:\users\student\documents\visual studio 2015\projects\pro-210_skt_lab2_bogatyrev\x64\debug\pro-210_skt_lab2_bogatyrev.exe</arg>
  <arg>0x13fa70000</arg>
  <arg>0x13fa85fff</arg>
  <severity>INFO</severity>
  <timestamp>Sun Jun 11 09:37:09 2017</timestamp>
</msg>
<msg id="9" tool="tc">
  <type>LOAD_MODULE</type>
  <arg>c:\windows\system32\kernelbase.dll</arg>
  <arg>0x7fefd690000</arg>
  <arg>0x7fefd6f9fff</arg>
  <severity>INFO</severity>
  <timestamp>Sun Jun 11 09:37:09 2017</timestamp>
</msg>
<msg id="10" tool="tc">
  <type>LOAD_MODULE</type>
  <arg>d:\program files\intelswtools\compilers_and_libraries_2017\windows\redist\intel64\compiler\libiomp5md.dll</arg>
  <arg>0x7fee7ca0000</arg>
  <arg>0x7fee7e0ffff</arg>
  <severity>INFO</severity>
  <timestamp>Sun Jun 11 09:37:09 2017</timestamp>
</msg>
<msg id="11" tool="tc">
  <type>LOAD_MODULE</type>
  <arg>d:\program files\intelswtools\compilers_and_libraries_2017\windows\redist\intel64\compiler\libmmd.dll</arg>
  <arg>0x7fee0280000</arg>
  <arg>0x7fee05d6fff</arg>
  <severity>INFO</severity>
  <timestamp>Sun Jun 11 09:37:09 2017</timestamp>
</msg>
<msg id="12" tool="tc">
  <type>LOAD_MODULE</type>
  <arg>c:\windows\system32\vcruntime140d.dll</arg>
  <arg>0x7fef8220000</arg>
  <arg>0x7fef8241fff</arg>
  <severity>INFO</severity>
  <timestamp>Sun Jun 11 09:37:09 2017</timestamp>
</msg>
<msg id="13" tool="tc">
  <type>LOAD_MODULE</type>
  <arg>c:\windows\system32\ucrtbased.dll</arg>
  <arg>0x7fee77d0000</arg>
  <arg>0x7fee798afff</arg>
  <severity>INFO</severity>
  <timestamp>Sun Jun 11 09:37:09 2017</timestamp>
</msg>
<msg id="14" tool="tc">
  <type>LOAD_MODULE</type>
  <arg>c:\windows\system32\api-ms-win-core-timezone-l1-1-0.dll</arg>
  <arg>0x7fef58c0000</arg>
  <arg>0x7fef58c2fff</arg>
  <severity>INFO</severity>
  <timestamp>Sun Jun 11 09:37:09 2017</timestamp>
</msg>
<msg id="15" tool="tc">
  <type>LOAD_MODULE</type>
  <arg>c:\windows\system32\api-ms-win-core-file-l2-1-0.dll</arg>
  <arg>0x7fef58b0000</arg>
  <arg>0x7fef58b2fff</arg>
  <severity>INFO</severity>
  <timestamp>Sun Jun 11 09:37:09 2017</timestamp>
</msg>
<msg id="16" tool="tc">
  <type>LOAD_MODULE</type>
  <arg>c:\windows\system32\api-ms-win-core-localization-l1-2-0.dll</arg>
  <arg>0x7fef58a0000</arg>
  <arg>0x7fef58a2fff</arg>
  <severity>INFO</severity>
  <timestamp>Sun Jun 11 09:37:09 2017</timestamp>
</msg>
<msg id="17" tool="tc">
  <type>LOAD_MODULE</type>
  <arg>c:\windows\system32\api-ms-win-core-synch-l1-2-0.dll</arg>
  <arg>0x7fef5890000</arg>
  <arg>0x7fef5892fff</arg>
  <severity>INFO</severity>
  <timestamp>Sun Jun 11 09:37:09 2017</timestamp>
</msg>
<msg id="18" tool="tc">
  <type>LOAD_MODULE</type>
  <arg>c:\windows\system32\api-ms-win-core-processthreads-l1-1-1.dll</arg>
  <arg>0x7fef3c60000</arg>
  <arg>0x7fef3c62fff</arg>
  <severity>INFO</severity>
  <timestamp>Sun Jun 11 09:37:09 2017</timestamp>
</msg>
<msg id="19" tool="tc">
  <type>LOAD_MODULE</type>
  <arg>c:\windows\system32\api-ms-win-core-file-l1-2-0.dll</arg>
  <arg>0x7fef3c50000</arg>
  <arg>0x7fef3c52fff</arg>
  <severity>INFO</severity>
  <timestamp>Sun Jun 11 09:37:09 2017</timestamp>
</msg>
<msg id="20" tool="tc">
  <type>LOAD_MODULE</type>
  <arg>d:\program files\intelswtools\inspector 2017\bin64\runtime\libittnotify.dll</arg>
  <arg>0x7fef81e0000</arg>
  <arg>0x7fef8212fff</arg>
  <severity>INFO</severity>
  <timestamp>Sun Jun 11 09:37:10 2017</timestamp>
</msg>
<msg id="21" tool="tc">
  <type>CTSA_NO_STACK</type>
  <severity>WARNING</severity>
  <timestamp>Sun Jun 11 09:37:11 2017</timestamp>
</msg>
<msg id="22" tool="tc">
  <type>THREADNAME</type>
  <arg>5424</arg>
  <arg>OMP Worker Thread #3</arg>
  <severity>INFO</severity>
  <timestamp>Sun Jun 11 09:37:11 2017</timestamp>
</msg>
<msg id="23" tool="tc">
  <type>THREADNAME</type>
  <arg>3884</arg>
  <arg>OMP Worker Thread #2</arg>
  <severity>INFO</severity>
  <timestamp>Sun Jun 11 09:37:11 2017</timestamp>
</msg>
<msg id="24" tool="tc">
  <type>THREADNAME</type>
  <arg>5860</arg>
  <arg>OMP Worker Thread #1</arg>
  <severity>INFO</severity>
  <timestamp>Sun Jun 11 09:37:11 2017</timestamp>
</msg>
<msg id="25" tool="tc">
  <type>THREADNAME</type>
  <arg>6172</arg>
  <arg>OMP Master Thread #0</arg>
  <severity>INFO</severity>
  <timestamp>Sun Jun 11 09:37:11 2017</timestamp>
</msg>
<msg id="26" tool="tc">
  <type>HEARTBEAT</type>
  <arg>5424,3884,5860,6268,6172</arg>
  <arg>0,0,0,1,0</arg>
  <arg>191058,199204,256849,365,385702</arg>
  <severity>INFO</severity>
  <timestamp>Sun Jun 11 09:37:11 2017</timestamp>
</msg>
<msg id="27" tool="tc">
  <type>HEARTBEAT</type>
  <arg>5424,3884,5860,6268,6172</arg>
  <arg>0,0,0,1,0</arg>
  <arg>4358184,3983928,4375812,10,4009985</arg>
  <severity>INFO</severity>
  <timestamp>Sun Jun 11 09:37:12 2017</timestamp>
</msg>
<msg id="28" tool="tc">
  <type>HEARTBEAT</type>
  <arg>5424,3884,5860,6268,6172</arg>
  <arg>0,0,0,1,0</arg>
  <arg>4436154,4212503,4484292,10,4493543</arg>
  <severity>INFO</severity>
  <timestamp>Sun Jun 11 09:37:13 2017</timestamp>
</msg>
<msg id="29" tool="tc">
  <type>HEARTBEAT</type>
  <arg>5424,3884,5860,6268,6172</arg>
  <arg>0,0,0,1,0</arg>
  <arg>4367676,4210289,4421154,10,4410009</arg>
  <severity>INFO</severity>
  <timestamp>Sun Jun 11 09:37:14 2017</timestamp>
</msg>
<msg id="30" tool="tc">
  <type>HEARTBEAT</type>
  <arg>5424,3884,5860,6268,6172</arg>
  <arg>0,0,0,1,0</arg>
  <arg>3670692,3635436,3598227,10,3629272</arg>
  <severity>INFO</severity>
  <timestamp>Sun Jun 11 09:37:15 2017</timestamp>
</msg>
<msg id="31" tool="tc">
  <type>HEARTBEAT</type>
  <arg>5424,3884,5860,6268,6172</arg>
  <arg>0,0,0,1,0</arg>
  <arg>4080204,3893076,4066644,10,4094442</arg>
  <severity>INFO</severity>
  <timestamp>Sun Jun 11 09:37:16 2017</timestamp>
</msg>
<msg id="32" tool="tc">
  <type>HEARTBEAT</type>
  <arg>5424,3884,5860,6268,6172</arg>
  <arg>0,0,0,1,0</arg>
  <arg>4252416,4210380,4175124,10,4336317</arg>
  <severity>INFO</severity>
  <timestamp>Sun Jun 11 09:37:17 2017</timestamp>
</msg>
<msg id="33" tool="tc">
  <type>HEARTBEAT</type>
  <arg>5424,3884,5860,6268,6172</arg>
  <arg>0,0,0,1,0</arg>
  <arg>4412424,4269366,4448808,10,4451917</arg>
  <severity>INFO</severity>
  <timestamp>Sun Jun 11 09:37:18 2017</timestamp>
</msg>
<msg id="34" tool="tc">
  <type>HEARTBEAT</type>
  <arg>5424,3884,5860,6268,6172</arg>
  <arg>0,0,0,1,0</arg>
  <arg>4375134,4171734,4403836,10,4413102</arg>
  <severity>INFO</severity>
  <timestamp>Sun Jun 11 09:37:19 2017</timestamp>
</msg>
<msg id="35" tool="tc">
  <type>HEARTBEAT</type>
  <arg>5424,3884,5860,6268,6172</arg>
  <arg>0,0,0,1,0</arg>
  <arg>4023930,3943573,4064782,10,4071331</arg>
  <severity>INFO</severity>
  <timestamp>Sun Jun 11 09:37:20 2017</timestamp>
</msg>
<msg id="36" tool="tc">
  <type>HEARTBEAT</type>
  <arg>5424,3884,5860,6268,6172</arg>
  <arg>0,0,0,1,0</arg>
  <arg>4472745,4314467,4471357,12,4492887</arg>
  <severity>INFO</severity>
  <timestamp>Sun Jun 11 09:37:21 2017</timestamp>
</msg>
<msg id="37" tool="tc">
  <type>HEARTBEAT</type>
  <arg>5424,3884,5860,6268,6172</arg>
  <arg>0,0,0,1,0</arg>
  <arg>4386003,4253772,4415013,10,4415412</arg>
  <severity>INFO</severity>
  <timestamp>Sun Jun 11 09:37:22 2017</timestamp>
</msg>
<msg id="38" tool="tc">
  <type>HEARTBEAT</type>
  <arg>5424,3884,5860,6268,6172</arg>
  <arg>0,0,0,1,0</arg>
  <arg>10681140,4404618,10737380,8,9619814</arg>
  <severity>INFO</severity>
  <timestamp>Sun Jun 11 09:37:23 2017</timestamp>
</msg>
<msg id="39" tool="tc">
  <type>LOAD_MODULE</type>
  <arg>c:\windows\system32\apphelp.dll</arg>
  <arg>0x7fefd4b0000</arg>
  <arg>0x7fefd506fff</arg>
  <severity>INFO</severity>
  <timestamp>Sun Jun 11 09:37:24 2017</timestamp>
</msg>
<msg id="40" tool="tc">
  <type>HEARTBEAT</type>
  <arg>5424,3884,5860,6268,6172</arg>
  <arg>1,1,1,1,1</arg>
  <arg>23,7418386,25,10,5628</arg>
  <severity>INFO</severity>
  <timestamp>Sun Jun 11 09:37:24 2017</timestamp>
</msg>
<msg id="41" tool="tc">
  <type>HEARTBEAT</type>
  <arg>5424,3884,5860,6268,6172</arg>
  <arg>1,1,1,1,1</arg>
  <arg>0,0,0,10,0</arg>
  <severity>INFO</severity>
  <timestamp>Sun Jun 11 09:37:25 2017</timestamp>
</msg>
<msg id="42" tool="tc">
  <type>HEARTBEAT</type>
  <arg>5424,3884,5860,6268,6172</arg>
  <arg>1,1,1,1,1</arg>
  <arg>0,0,0,10,0</arg>
  <severity>INFO</severity>
  <timestamp>Sun Jun 11 09:37:26 2017</timestamp>
</msg>
<msg id="43" tool="tc">
  <type>HEARTBEAT</type>
  <arg>5424,3884,5860,6268,6172</arg>
  <arg>1,1,1,1,1</arg>
  <arg>0,0,0,10,0</arg>
  <severity>INFO</severity>
  <timestamp>Sun Jun 11 09:37:27 2017</timestamp>
</msg>
<msg id="44" tool="tc">
  <type>HEARTBEAT</type>
  <arg>5424,3884,5860,6268,6172</arg>
  <arg>1,1,1,0,1</arg>
  <arg>0,0,0,10,0</arg>
  <severity>INFO</severity>
  <timestamp>Sun Jun 11 09:37:28 2017</timestamp>
</msg>
<msg id="45" tool="tc">
  <type>HEARTBEAT</type>
  <arg>5424,3884,5860,6268,6172</arg>
  <arg>1,1,1,1,1</arg>
  <arg>0,0,0,10,0</arg>
  <severity>INFO</severity>
  <timestamp>Sun Jun 11 09:37:29 2017</timestamp>
</msg>
<msg id="46" tool="tc">
  <type>HEARTBEAT</type>
  <arg>5424,3884,5860,6268,6172</arg>
  <arg>1,1,1,1,1</arg>
  <arg>0,0,0,10,0</arg>
  <severity>INFO</severity>
  <timestamp>Sun Jun 11 09:37:30 2017</timestamp>
</msg>
<msg id="47" tool="tc">
  <type>HEARTBEAT</type>
  <arg>5424,3884,5860,6268,6172</arg>
  <arg>1,1,1,1,1</arg>
  <arg>0,0,0,10,0</arg>
  <severity>INFO</severity>
  <timestamp>Sun Jun 11 09:37:31 2017</timestamp>
</msg>
<msg id="48" tool="tc">
  <type>HEARTBEAT</type>
  <arg>5424,3884,5860,6268,6172</arg>
  <arg>1,1,1,1,1</arg>
  <arg>0,0,0,10,0</arg>
  <severity>INFO</severity>
  <timestamp>Sun Jun 11 09:37:32 2017</timestamp>
</msg>
<msg id="49" tool="tc">
  <type>HEARTBEAT</type>
  <arg>5424,3884,5860,6268,6172</arg>
  <arg>1,1,1,1,1</arg>
  <arg>0,0,0,10,0</arg>
  <severity>INFO</severity>
  <timestamp>Sun Jun 11 09:37:33 2017</timestamp>
</msg>
<msg id="50" tool="tc">
  <type>HEARTBEAT</type>
  <arg>5424,3884,5860,6268,6172</arg>
  <arg>1,1,1,1,1</arg>
  <arg>0,0,0,10,0</arg>
  <severity>INFO</severity>
  <timestamp>Sun Jun 11 09:37:34 2017</timestamp>
</msg>
<msg id="51" tool="tc">
  <type>UNLOAD_MODULE</type>
  <arg>c:\windows\system32\kernel32.dll</arg>
  <severity>INFO</severity>
  <timestamp>Sun Jun 11 09:37:35 2017</timestamp>
</msg>
<msg id="52" tool="tc">
  <type>UNLOAD_MODULE</type>
  <arg>c:\windows\system32\ntdll.dll</arg>
  <severity>INFO</severity>
  <timestamp>Sun Jun 11 09:37:35 2017</timestamp>
</msg>
<msg id="53" tool="tc">
  <type>UNLOAD_MODULE</type>
  <arg>c:\users\student\documents\visual studio 2015\projects\pro-210_skt_lab2_bogatyrev\x64\debug\pro-210_skt_lab2_bogatyrev.exe</arg>
  <severity>INFO</severity>
  <timestamp>Sun Jun 11 09:37:35 2017</timestamp>
</msg>
<msg id="54" tool="tc">
  <type>UNLOAD_MODULE</type>
  <arg>c:\windows\system32\kernelbase.dll</arg>
  <severity>INFO</severity>
  <timestamp>Sun Jun 11 09:37:35 2017</timestamp>
</msg>
<msg id="55" tool="tc">
  <type>UNLOAD_MODULE</type>
  <arg>d:\program files\intelswtools\compilers_and_libraries_2017\windows\redist\intel64\compiler\libiomp5md.dll</arg>
  <severity>INFO</severity>
  <timestamp>Sun Jun 11 09:37:35 2017</timestamp>
</msg>
<msg id="56" tool="tc">
  <type>UNLOAD_MODULE</type>
  <arg>d:\program files\intelswtools\compilers_and_libraries_2017\windows\redist\intel64\compiler\libmmd.dll</arg>
  <severity>INFO</severity>
  <timestamp>Sun Jun 11 09:37:35 2017</timestamp>
</msg>
<msg id="57" tool="tc">
  <type>UNLOAD_MODULE</type>
  <arg>c:\windows\system32\vcruntime140d.dll</arg>
  <severity>INFO</severity>
  <timestamp>Sun Jun 11 09:37:35 2017</timestamp>
</msg>
<msg id="58" tool="tc">
  <type>UNLOAD_MODULE</type>
  <arg>c:\windows\system32\ucrtbased.dll</arg>
  <severity>INFO</severity>
  <timestamp>Sun Jun 11 09:37:35 2017</timestamp>
</msg>
<msg id="59" tool="tc">
  <type>UNLOAD_MODULE</type>
  <arg>c:\windows\system32\api-ms-win-core-timezone-l1-1-0.dll</arg>
  <severity>INFO</severity>
  <timestamp>Sun Jun 11 09:37:35 2017</timestamp>
</msg>
<msg id="60" tool="tc">
  <type>UNLOAD_MODULE</type>
  <arg>c:\windows\system32\api-ms-win-core-file-l2-1-0.dll</arg>
  <severity>INFO</severity>
  <timestamp>Sun Jun 11 09:37:35 2017</timestamp>
</msg>
<msg id="61" tool="tc">
  <type>UNLOAD_MODULE</type>
  <arg>c:\windows\system32\api-ms-win-core-localization-l1-2-0.dll</arg>
  <severity>INFO</severity>
  <timestamp>Sun Jun 11 09:37:35 2017</timestamp>
</msg>
<msg id="62" tool="tc">
  <type>UNLOAD_MODULE</type>
  <arg>c:\windows\system32\api-ms-win-core-synch-l1-2-0.dll</arg>
  <severity>INFO</severity>
  <timestamp>Sun Jun 11 09:37:35 2017</timestamp>
</msg>
<msg id="63" tool="tc">
  <type>UNLOAD_MODULE</type>
  <arg>c:\windows\system32\api-ms-win-core-processthreads-l1-1-1.dll</arg>
  <severity>INFO</severity>
  <timestamp>Sun Jun 11 09:37:35 2017</timestamp>
</msg>
<msg id="64" tool="tc">
  <type>UNLOAD_MODULE</type>
  <arg>c:\windows\system32\api-ms-win-core-file-l1-2-0.dll</arg>
  <severity>INFO</severity>
  <timestamp>Sun Jun 11 09:37:35 2017</timestamp>
</msg>
<msg id="65" tool="tc">
  <type>UNLOAD_MODULE</type>
  <arg>d:\program files\intelswtools\inspector 2017\bin64\runtime\libittnotify.dll</arg>
  <severity>INFO</severity>
  <timestamp>Sun Jun 11 09:37:35 2017</timestamp>
</msg>
<msg id="66" tool="tc">
  <type>UNLOAD_MODULE</type>
  <arg>c:\windows\system32\apphelp.dll</arg>
  <severity>INFO</severity>
  <timestamp>Sun Jun 11 09:37:35 2017</timestamp>
</msg>
<msg id="67" tool="tc">
  <type>PROCESS_TERMINATE</type>
  <arg>c:\users\student\documents\visual studio 2015\projects\pro-210_skt_lab2_bogatyrev\x64\debug\pro-210_skt_lab2_bogatyrev.exe</arg>
  <arg>3800</arg>
  <severity>INFO</severity>
  <timestamp>Sun Jun 11 09:37:35 2017</timestamp>
</msg>
<msg id="68" tool="tc">
  <type>ANALYSIS_COMPLETE</type>
  <severity>INFO</severity>
  <timestamp>Sun Jun 11 09:37:35 2017</timestamp>
</msg>
<msg id="69" tool="tc">
  <type>STOP</type>
  <severity>INFO</severity>
  <timestamp>Sun Jun 11 09:37:35 2017</timestamp>
</msg>
<msg id="70" tool="runtool">
  <type>app-exit-code</type>
  <arg>0</arg>
</msg>
<msg id="71" tool="runtool">
  <type>marker-file</type>
  <arg>c:\Users\student\Documents\Visual Studio 2015\Projects\PRO-210_SKT_LAB2_Bogatyrev\PRO-210_SKT_LAB2_Bogatyrev\My Inspector Results - PRO-210_SKT_LAB2_Bogatyrev\r005ti3\r005ti3.inspxe</arg>
</msg>
<msg id="72" tool="runtool">
  <type>collector-done</type>
</msg>
<msg id="73" tool="runtool">
  <type>log-end</type>
  <arg>2017/03/14 09:37:39</arg>
</msg>

</log>

