<?xml version="1.0" encoding="utf-8" ?>
<!-- DO NOT EDIT THIS FILE -->

<log version='2.0' source='tcet'>
	<!-- Opened annotation file D:\Program Files\IntelSWTools\Inspector 2017\bin64\..\config\tc\qt.ant -->
	<!-- Opened annotation file D:\Program Files\IntelSWTools\Inspector 2017\bin64\..\config\tc\cpp11.ant -->
	<!-- Opened annotation file D:\Program Files\IntelSWTools\Inspector 2017\bin64\..\config\tc\fortran.ant -->
	<!-- Opened annotation file D:\Program Files\IntelSWTools\Inspector 2017\bin64\..\config\tc\icl.ant -->
	<!-- Opened annotation file D:\Program Files\IntelSWTools\Inspector 2017\bin64\..\config\tc\allocators.ant -->
	<!-- Opened annotation file D:\Program Files\IntelSWTools\Inspector 2017\bin64\..\config\tc\boost.ant -->
	<msg id='1' display='false' source='tccore'>
		<type>START</type>
		<severity>INFO</severity>
		<timestamp>Sun Jun 11 09:37:09 2017</timestamp>
	</msg>
	<!-- Successfully loaded CCRT 13.0.4 at address 0xc4f50000 - 0xc5139000 -->
	<!-- Successfully loaded the TC Analysis Core 8.0.23 at address 0x7fee8330000 - 0x7fee835e000 -->
	<!-- Successfully loaded the TC Instrumentation Engine 8.0.23 at address 0xc4f50000 - 0xc5139000 -->
	<!-- This is the instance of interest -->
	<msg id='2' source='tcet'>
		<type>EXEC_OF_INTEREST</type>
		<severity>INFO</severity>
		<timestamp>Sun Jun 11 09:37:09 2017</timestamp>
		<arg name='process'>c:\users\student\documents\visual studio 2015\projects\pro-210_skt_lab2_bogatyrev\x64\debug\pro-210_skt_lab2_bogatyrev.exe</arg>
		<arg name='pid'>3800</arg>
	</msg>
	<msg id='3' source='tcet'>
		<type>LOAD_MODULE</type>
		<severity>INFO</severity>
		<timestamp>Sun Jun 11 09:37:09 2017</timestamp>
		<arg name='module'>c:\windows\system32\kernel32.dll</arg>
		<arg name='basement'>0x77570000</arg>
		<arg name='ceiling'>0x7768efff</arg>
	</msg>
	<!-- Target OS: Win7 or Server 2K8R2 -->
	<!-- NtDelayExecution was replaced in ntdll.dll -->
	<msg id='4' source='tcet'>
		<type>LOAD_MODULE</type>
		<severity>INFO</severity>
		<timestamp>Sun Jun 11 09:37:09 2017</timestamp>
		<arg name='module'>c:\windows\system32\ntdll.dll</arg>
		<arg name='basement'>0x77690000</arg>
		<arg name='ceiling'>0x77839fff</arg>
	</msg>
	<!-- Target OS: Win7 or Server 2K8R2 -->
	<msg id='5' source='tcet'>
		<type>LOAD_MODULE</type>
		<severity>INFO</severity>
		<timestamp>Sun Jun 11 09:37:09 2017</timestamp>
		<arg name='module'>c:\users\student\documents\visual studio 2015\projects\pro-210_skt_lab2_bogatyrev\x64\debug\pro-210_skt_lab2_bogatyrev.exe</arg>
		<arg name='basement'>0x13fa70000</arg>
		<arg name='ceiling'>0x13fa85fff</arg>
	</msg>
	<msg id='6' source='tcet'>
		<type>LOAD_MODULE</type>
		<severity>INFO</severity>
		<timestamp>Sun Jun 11 09:37:09 2017</timestamp>
		<arg name='module'>c:\windows\system32\kernelbase.dll</arg>
		<arg name='basement'>0x7fefd690000</arg>
		<arg name='ceiling'>0x7fefd6f9fff</arg>
	</msg>
	<!-- Target OS: Win7 or Server 2K8R2 -->
	<msg id='7' source='tcet'>
		<type>LOAD_MODULE</type>
		<severity>INFO</severity>
		<timestamp>Sun Jun 11 09:37:09 2017</timestamp>
		<arg name='module'>d:\program files\intelswtools\compilers_and_libraries_2017\windows\redist\intel64\compiler\libiomp5md.dll</arg>
		<arg name='basement'>0x7fee7ca0000</arg>
		<arg name='ceiling'>0x7fee7e0ffff</arg>
	</msg>
	<msg id='8' source='tcet'>
		<type>LOAD_MODULE</type>
		<severity>INFO</severity>
		<timestamp>Sun Jun 11 09:37:09 2017</timestamp>
		<arg name='module'>d:\program files\intelswtools\compilers_and_libraries_2017\windows\redist\intel64\compiler\libmmd.dll</arg>
		<arg name='basement'>0x7fee0280000</arg>
		<arg name='ceiling'>0x7fee05d6fff</arg>
	</msg>
	<msg id='9' source='tcet'>
		<type>LOAD_MODULE</type>
		<severity>INFO</severity>
		<timestamp>Sun Jun 11 09:37:09 2017</timestamp>
		<arg name='module'>c:\windows\system32\vcruntime140d.dll</arg>
		<arg name='basement'>0x7fef8220000</arg>
		<arg name='ceiling'>0x7fef8241fff</arg>
	</msg>
	<msg id='10' source='tcet'>
		<type>LOAD_MODULE</type>
		<severity>INFO</severity>
		<timestamp>Sun Jun 11 09:37:09 2017</timestamp>
		<arg name='module'>c:\windows\system32\ucrtbased.dll</arg>
		<arg name='basement'>0x7fee77d0000</arg>
		<arg name='ceiling'>0x7fee798afff</arg>
	</msg>
	<msg id='11' source='tcet'>
		<type>LOAD_MODULE</type>
		<severity>INFO</severity>
		<timestamp>Sun Jun 11 09:37:09 2017</timestamp>
		<arg name='module'>c:\windows\system32\api-ms-win-core-timezone-l1-1-0.dll</arg>
		<arg name='basement'>0x7fef58c0000</arg>
		<arg name='ceiling'>0x7fef58c2fff</arg>
	</msg>
	<!-- Routine at entry point of image c:\windows\system32\api-ms-win-core-timezone-l1-1-0.dll is invalid -->
	<msg id='12' source='tcet'>
		<type>LOAD_MODULE</type>
		<severity>INFO</severity>
		<timestamp>Sun Jun 11 09:37:09 2017</timestamp>
		<arg name='module'>c:\windows\system32\api-ms-win-core-file-l2-1-0.dll</arg>
		<arg name='basement'>0x7fef58b0000</arg>
		<arg name='ceiling'>0x7fef58b2fff</arg>
	</msg>
	<!-- Routine at entry point of image c:\windows\system32\api-ms-win-core-file-l2-1-0.dll is invalid -->
	<msg id='13' source='tcet'>
		<type>LOAD_MODULE</type>
		<severity>INFO</severity>
		<timestamp>Sun Jun 11 09:37:09 2017</timestamp>
		<arg name='module'>c:\windows\system32\api-ms-win-core-localization-l1-2-0.dll</arg>
		<arg name='basement'>0x7fef58a0000</arg>
		<arg name='ceiling'>0x7fef58a2fff</arg>
	</msg>
	<!-- Routine at entry point of image c:\windows\system32\api-ms-win-core-localization-l1-2-0.dll is invalid -->
	<msg id='14' source='tcet'>
		<type>LOAD_MODULE</type>
		<severity>INFO</severity>
		<timestamp>Sun Jun 11 09:37:09 2017</timestamp>
		<arg name='module'>c:\windows\system32\api-ms-win-core-synch-l1-2-0.dll</arg>
		<arg name='basement'>0x7fef5890000</arg>
		<arg name='ceiling'>0x7fef5892fff</arg>
	</msg>
	<!-- Routine at entry point of image c:\windows\system32\api-ms-win-core-synch-l1-2-0.dll is invalid -->
	<msg id='15' source='tcet'>
		<type>LOAD_MODULE</type>
		<severity>INFO</severity>
		<timestamp>Sun Jun 11 09:37:09 2017</timestamp>
		<arg name='module'>c:\windows\system32\api-ms-win-core-processthreads-l1-1-1.dll</arg>
		<arg name='basement'>0x7fef3c60000</arg>
		<arg name='ceiling'>0x7fef3c62fff</arg>
	</msg>
	<!-- Routine at entry point of image c:\windows\system32\api-ms-win-core-processthreads-l1-1-1.dll is invalid -->
	<msg id='16' source='tcet'>
		<type>LOAD_MODULE</type>
		<severity>INFO</severity>
		<timestamp>Sun Jun 11 09:37:09 2017</timestamp>
		<arg name='module'>c:\windows\system32\api-ms-win-core-file-l1-2-0.dll</arg>
		<arg name='basement'>0x7fef3c50000</arg>
		<arg name='ceiling'>0x7fef3c52fff</arg>
	</msg>
	<!-- Routine at entry point of image c:\windows\system32\api-ms-win-core-file-l1-2-0.dll is invalid -->
	<msg id='17' source='tcet'>
		<type>LOAD_MODULE</type>
		<severity>INFO</severity>
		<timestamp>Sun Jun 11 09:37:10 2017</timestamp>
		<arg name='module'>d:\program files\intelswtools\inspector 2017\bin64\runtime\libittnotify.dll</arg>
		<arg name='basement'>0x7fef81e0000</arg>
		<arg name='ceiling'>0x7fef8212fff</arg>
	</msg>
	<!-- Target OS: Win7 or Server 2K8R2 -->
	<msg id='18' source='tccore'>
		<type>CTSA_NO_STACK</type>
		<severity>WARNING</severity>
		<timestamp>Sun Jun 11 09:37:11 2017</timestamp>
	</msg>
	<msg id='19' display='false' source='tcet'>
		<type>THREADNAME</type>
		<severity>INFO</severity>
		<timestamp>Sun Jun 11 09:37:11 2017</timestamp>
		<arg name='tid'>5424</arg>
		<arg name='name'>OMP Worker Thread #3</arg>
	</msg>
	<msg id='20' display='false' source='tcet'>
		<type>THREADNAME</type>
		<severity>INFO</severity>
		<timestamp>Sun Jun 11 09:37:11 2017</timestamp>
		<arg name='tid'>3884</arg>
		<arg name='name'>OMP Worker Thread #2</arg>
	</msg>
	<msg id='21' display='false' source='tcet'>
		<type>THREADNAME</type>
		<severity>INFO</severity>
		<timestamp>Sun Jun 11 09:37:11 2017</timestamp>
		<arg name='tid'>5860</arg>
		<arg name='name'>OMP Worker Thread #1</arg>
	</msg>
	<msg id='22' display='false' source='tcet'>
		<type>THREADNAME</type>
		<severity>INFO</severity>
		<timestamp>Sun Jun 11 09:37:11 2017</timestamp>
		<arg name='tid'>6172</arg>
		<arg name='name'>OMP Master Thread #0</arg>
	</msg>
	<msg id='23' display='false' source='tcet'>
		<type>HEARTBEAT</type>
		<severity>INFO</severity>
		<timestamp>Sun Jun 11 09:37:11 2017</timestamp>
		<arg name='tids'>5424,3884,5860,6268,6172</arg>
		<arg name='syscalls'>0,0,0,1,0</arg>
		<arg name='calls'>191058,199204,256849,365,385702</arg>
	</msg>
	<msg id='24' display='false' source='tcet'>
		<type>HEARTBEAT</type>
		<severity>INFO</severity>
		<timestamp>Sun Jun 11 09:37:12 2017</timestamp>
		<arg name='tids'>5424,3884,5860,6268,6172</arg>
		<arg name='syscalls'>0,0,0,1,0</arg>
		<arg name='calls'>4358184,3983928,4375812,10,4009985</arg>
	</msg>
	<msg id='25' display='false' source='tcet'>
		<type>HEARTBEAT</type>
		<severity>INFO</severity>
		<timestamp>Sun Jun 11 09:37:13 2017</timestamp>
		<arg name='tids'>5424,3884,5860,6268,6172</arg>
		<arg name='syscalls'>0,0,0,1,0</arg>
		<arg name='calls'>4436154,4212503,4484292,10,4493543</arg>
	</msg>
	<msg id='26' display='false' source='tcet'>
		<type>HEARTBEAT</type>
		<severity>INFO</severity>
		<timestamp>Sun Jun 11 09:37:14 2017</timestamp>
		<arg name='tids'>5424,3884,5860,6268,6172</arg>
		<arg name='syscalls'>0,0,0,1,0</arg>
		<arg name='calls'>4367676,4210289,4421154,10,4410009</arg>
	</msg>
	<msg id='27' display='false' source='tcet'>
		<type>HEARTBEAT</type>
		<severity>INFO</severity>
		<timestamp>Sun Jun 11 09:37:15 2017</timestamp>
		<arg name='tids'>5424,3884,5860,6268,6172</arg>
		<arg name='syscalls'>0,0,0,1,0</arg>
		<arg name='calls'>3670692,3635436,3598227,10,3629272</arg>
	</msg>
	<msg id='28' display='false' source='tcet'>
		<type>HEARTBEAT</type>
		<severity>INFO</severity>
		<timestamp>Sun Jun 11 09:37:16 2017</timestamp>
		<arg name='tids'>5424,3884,5860,6268,6172</arg>
		<arg name='syscalls'>0,0,0,1,0</arg>
		<arg name='calls'>4080204,3893076,4066644,10,4094442</arg>
	</msg>
	<msg id='29' display='false' source='tcet'>
		<type>HEARTBEAT</type>
		<severity>INFO</severity>
		<timestamp>Sun Jun 11 09:37:17 2017</timestamp>
		<arg name='tids'>5424,3884,5860,6268,6172</arg>
		<arg name='syscalls'>0,0,0,1,0</arg>
		<arg name='calls'>4252416,4210380,4175124,10,4336317</arg>
	</msg>
	<msg id='30' display='false' source='tcet'>
		<type>HEARTBEAT</type>
		<severity>INFO</severity>
		<timestamp>Sun Jun 11 09:37:18 2017</timestamp>
		<arg name='tids'>5424,3884,5860,6268,6172</arg>
		<arg name='syscalls'>0,0,0,1,0</arg>
		<arg name='calls'>4412424,4269366,4448808,10,4451917</arg>
	</msg>
	<msg id='31' display='false' source='tcet'>
		<type>HEARTBEAT</type>
		<severity>INFO</severity>
		<timestamp>Sun Jun 11 09:37:19 2017</timestamp>
		<arg name='tids'>5424,3884,5860,6268,6172</arg>
		<arg name='syscalls'>0,0,0,1,0</arg>
		<arg name='calls'>4375134,4171734,4403836,10,4413102</arg>
	</msg>
	<msg id='32' display='false' source='tcet'>
		<type>HEARTBEAT</type>
		<severity>INFO</severity>
		<timestamp>Sun Jun 11 09:37:20 2017</timestamp>
		<arg name='tids'>5424,3884,5860,6268,6172</arg>
		<arg name='syscalls'>0,0,0,1,0</arg>
		<arg name='calls'>4023930,3943573,4064782,10,4071331</arg>
	</msg>
	<msg id='33' display='false' source='tcet'>
		<type>HEARTBEAT</type>
		<severity>INFO</severity>
		<timestamp>Sun Jun 11 09:37:21 2017</timestamp>
		<arg name='tids'>5424,3884,5860,6268,6172</arg>
		<arg name='syscalls'>0,0,0,1,0</arg>
		<arg name='calls'>4472745,4314467,4471357,12,4492887</arg>
	</msg>
	<msg id='34' display='false' source='tcet'>
		<type>HEARTBEAT</type>
		<severity>INFO</severity>
		<timestamp>Sun Jun 11 09:37:22 2017</timestamp>
		<arg name='tids'>5424,3884,5860,6268,6172</arg>
		<arg name='syscalls'>0,0,0,1,0</arg>
		<arg name='calls'>4386003,4253772,4415013,10,4415412</arg>
	</msg>
	<msg id='35' display='false' source='tcet'>
		<type>HEARTBEAT</type>
		<severity>INFO</severity>
		<timestamp>Sun Jun 11 09:37:23 2017</timestamp>
		<arg name='tids'>5424,3884,5860,6268,6172</arg>
		<arg name='syscalls'>0,0,0,1,0</arg>
		<arg name='calls'>10681140,4404618,10737380,8,9619814</arg>
	</msg>
	<msg id='36' source='tcet'>
		<type>LOAD_MODULE</type>
		<severity>INFO</severity>
		<timestamp>Sun Jun 11 09:37:24 2017</timestamp>
		<arg name='module'>c:\windows\system32\apphelp.dll</arg>
		<arg name='basement'>0x7fefd4b0000</arg>
		<arg name='ceiling'>0x7fefd506fff</arg>
	</msg>
	<!-- Starting child process 1916 natively -->
	<msg id='37' display='false' source='tcet'>
		<type>HEARTBEAT</type>
		<severity>INFO</severity>
		<timestamp>Sun Jun 11 09:37:24 2017</timestamp>
		<arg name='tids'>5424,3884,5860,6268,6172</arg>
		<arg name='syscalls'>1,1,1,1,1</arg>
		<arg name='calls'>23,7418386,25,10,5628</arg>
	</msg>
	<msg id='38' display='false' source='tcet'>
		<type>HEARTBEAT</type>
		<severity>INFO</severity>
		<timestamp>Sun Jun 11 09:37:25 2017</timestamp>
		<arg name='tids'>5424,3884,5860,6268,6172</arg>
		<arg name='syscalls'>1,1,1,1,1</arg>
		<arg name='calls'>0,0,0,10,0</arg>
	</msg>
	<msg id='39' display='false' source='tcet'>
		<type>HEARTBEAT</type>
		<severity>INFO</severity>
		<timestamp>Sun Jun 11 09:37:26 2017</timestamp>
		<arg name='tids'>5424,3884,5860,6268,6172</arg>
		<arg name='syscalls'>1,1,1,1,1</arg>
		<arg name='calls'>0,0,0,10,0</arg>
	</msg>
	<msg id='40' display='false' source='tcet'>
		<type>HEARTBEAT</type>
		<severity>INFO</severity>
		<timestamp>Sun Jun 11 09:37:27 2017</timestamp>
		<arg name='tids'>5424,3884,5860,6268,6172</arg>
		<arg name='syscalls'>1,1,1,1,1</arg>
		<arg name='calls'>0,0,0,10,0</arg>
	</msg>
	<msg id='41' display='false' source='tcet'>
		<type>HEARTBEAT</type>
		<severity>INFO</severity>
		<timestamp>Sun Jun 11 09:37:28 2017</timestamp>
		<arg name='tids'>5424,3884,5860,6268,6172</arg>
		<arg name='syscalls'>1,1,1,0,1</arg>
		<arg name='calls'>0,0,0,10,0</arg>
	</msg>
	<msg id='42' display='false' source='tcet'>
		<type>HEARTBEAT</type>
		<severity>INFO</severity>
		<timestamp>Sun Jun 11 09:37:29 2017</timestamp>
		<arg name='tids'>5424,3884,5860,6268,6172</arg>
		<arg name='syscalls'>1,1,1,1,1</arg>
		<arg name='calls'>0,0,0,10,0</arg>
	</msg>
	<msg id='43' display='false' source='tcet'>
		<type>HEARTBEAT</type>
		<severity>INFO</severity>
		<timestamp>Sun Jun 11 09:37:30 2017</timestamp>
		<arg name='tids'>5424,3884,5860,6268,6172</arg>
		<arg name='syscalls'>1,1,1,1,1</arg>
		<arg name='calls'>0,0,0,10,0</arg>
	</msg>
	<msg id='44' display='false' source='tcet'>
		<type>HEARTBEAT</type>
		<severity>INFO</severity>
		<timestamp>Sun Jun 11 09:37:31 2017</timestamp>
		<arg name='tids'>5424,3884,5860,6268,6172</arg>
		<arg name='syscalls'>1,1,1,1,1</arg>
		<arg name='calls'>0,0,0,10,0</arg>
	</msg>
	<msg id='45' display='false' source='tcet'>
		<type>HEARTBEAT</type>
		<severity>INFO</severity>
		<timestamp>Sun Jun 11 09:37:32 2017</timestamp>
		<arg name='tids'>5424,3884,5860,6268,6172</arg>
		<arg name='syscalls'>1,1,1,1,1</arg>
		<arg name='calls'>0,0,0,10,0</arg>
	</msg>
	<msg id='46' display='false' source='tcet'>
		<type>HEARTBEAT</type>
		<severity>INFO</severity>
		<timestamp>Sun Jun 11 09:37:33 2017</timestamp>
		<arg name='tids'>5424,3884,5860,6268,6172</arg>
		<arg name='syscalls'>1,1,1,1,1</arg>
		<arg name='calls'>0,0,0,10,0</arg>
	</msg>
	<msg id='47' display='false' source='tcet'>
		<type>HEARTBEAT</type>
		<severity>INFO</severity>
		<timestamp>Sun Jun 11 09:37:34 2017</timestamp>
		<arg name='tids'>5424,3884,5860,6268,6172</arg>
		<arg name='syscalls'>1,1,1,1,1</arg>
		<arg name='calls'>0,0,0,10,0</arg>
	</msg>
	<!-- A thread end notification for 2 was received by thread 0 -->
	<!-- A thread end notification for 3 was received by thread 0 -->
	<!-- A thread end notification for 4 was received by thread 0 -->
	<!-- A thread end notification for 5 was received by thread 0 -->
	<msg id='48' source='tcet'>
		<type>UNLOAD_MODULE</type>
		<severity>INFO</severity>
		<timestamp>Sun Jun 11 09:37:35 2017</timestamp>
		<arg name='module'>c:\windows\system32\kernel32.dll</arg>
	</msg>
	<msg id='49' source='tcet'>
		<type>UNLOAD_MODULE</type>
		<severity>INFO</severity>
		<timestamp>Sun Jun 11 09:37:35 2017</timestamp>
		<arg name='module'>c:\windows\system32\ntdll.dll</arg>
	</msg>
	<msg id='50' source='tcet'>
		<type>UNLOAD_MODULE</type>
		<severity>INFO</severity>
		<timestamp>Sun Jun 11 09:37:35 2017</timestamp>
		<arg name='module'>c:\users\student\documents\visual studio 2015\projects\pro-210_skt_lab2_bogatyrev\x64\debug\pro-210_skt_lab2_bogatyrev.exe</arg>
	</msg>
	<msg id='51' source='tcet'>
		<type>UNLOAD_MODULE</type>
		<severity>INFO</severity>
		<timestamp>Sun Jun 11 09:37:35 2017</timestamp>
		<arg name='module'>c:\windows\system32\kernelbase.dll</arg>
	</msg>
	<msg id='52' source='tcet'>
		<type>UNLOAD_MODULE</type>
		<severity>INFO</severity>
		<timestamp>Sun Jun 11 09:37:35 2017</timestamp>
		<arg name='module'>d:\program files\intelswtools\compilers_and_libraries_2017\windows\redist\intel64\compiler\libiomp5md.dll</arg>
	</msg>
	<msg id='53' source='tcet'>
		<type>UNLOAD_MODULE</type>
		<severity>INFO</severity>
		<timestamp>Sun Jun 11 09:37:35 2017</timestamp>
		<arg name='module'>d:\program files\intelswtools\compilers_and_libraries_2017\windows\redist\intel64\compiler\libmmd.dll</arg>
	</msg>
	<msg id='54' source='tcet'>
		<type>UNLOAD_MODULE</type>
		<severity>INFO</severity>
		<timestamp>Sun Jun 11 09:37:35 2017</timestamp>
		<arg name='module'>c:\windows\system32\vcruntime140d.dll</arg>
	</msg>
	<msg id='55' source='tcet'>
		<type>UNLOAD_MODULE</type>
		<severity>INFO</severity>
		<timestamp>Sun Jun 11 09:37:35 2017</timestamp>
		<arg name='module'>c:\windows\system32\ucrtbased.dll</arg>
	</msg>
	<msg id='56' source='tcet'>
		<type>UNLOAD_MODULE</type>
		<severity>INFO</severity>
		<timestamp>Sun Jun 11 09:37:35 2017</timestamp>
		<arg name='module'>c:\windows\system32\api-ms-win-core-timezone-l1-1-0.dll</arg>
	</msg>
	<msg id='57' source='tcet'>
		<type>UNLOAD_MODULE</type>
		<severity>INFO</severity>
		<timestamp>Sun Jun 11 09:37:35 2017</timestamp>
		<arg name='module'>c:\windows\system32\api-ms-win-core-file-l2-1-0.dll</arg>
	</msg>
	<msg id='58' source='tcet'>
		<type>UNLOAD_MODULE</type>
		<severity>INFO</severity>
		<timestamp>Sun Jun 11 09:37:35 2017</timestamp>
		<arg name='module'>c:\windows\system32\api-ms-win-core-localization-l1-2-0.dll</arg>
	</msg>
	<msg id='59' source='tcet'>
		<type>UNLOAD_MODULE</type>
		<severity>INFO</severity>
		<timestamp>Sun Jun 11 09:37:35 2017</timestamp>
		<arg name='module'>c:\windows\system32\api-ms-win-core-synch-l1-2-0.dll</arg>
	</msg>
	<msg id='60' source='tcet'>
		<type>UNLOAD_MODULE</type>
		<severity>INFO</severity>
		<timestamp>Sun Jun 11 09:37:35 2017</timestamp>
		<arg name='module'>c:\windows\system32\api-ms-win-core-processthreads-l1-1-1.dll</arg>
	</msg>
	<msg id='61' source='tcet'>
		<type>UNLOAD_MODULE</type>
		<severity>INFO</severity>
		<timestamp>Sun Jun 11 09:37:35 2017</timestamp>
		<arg name='module'>c:\windows\system32\api-ms-win-core-file-l1-2-0.dll</arg>
	</msg>
	<msg id='62' source='tcet'>
		<type>UNLOAD_MODULE</type>
		<severity>INFO</severity>
		<timestamp>Sun Jun 11 09:37:35 2017</timestamp>
		<arg name='module'>d:\program files\intelswtools\inspector 2017\bin64\runtime\libittnotify.dll</arg>
	</msg>
	<msg id='63' source='tcet'>
		<type>UNLOAD_MODULE</type>
		<severity>INFO</severity>
		<timestamp>Sun Jun 11 09:37:35 2017</timestamp>
		<arg name='module'>c:\windows\system32\apphelp.dll</arg>
	</msg>
	<msg id='64' source='tcet'>
		<type>PROCESS_TERMINATE</type>
		<severity>INFO</severity>
		<timestamp>Sun Jun 11 09:37:35 2017</timestamp>
		<arg name='process'>c:\users\student\documents\visual studio 2015\projects\pro-210_skt_lab2_bogatyrev\x64\debug\pro-210_skt_lab2_bogatyrev.exe</arg>
		<arg name='pid'>3800</arg>
	</msg>
	<msg id='65' display='false' source='tccore'>
		<type>ANALYSIS_COMPLETE</type>
		<severity>INFO</severity>
		<timestamp>Sun Jun 11 09:37:35 2017</timestamp>
	</msg>
	<msg id='66' display='false' source='tccore'>
		<type>STOP</type>
		<severity>INFO</severity>
		<timestamp>Sun Jun 11 09:37:35 2017</timestamp>
	</msg>
</log>