<?xml version="1.0" encoding="utf-8" ?>
<!-- DO NOT EDIT THIS FILE -->

<log version='2.0' source='tcet'>
	<!-- Sampling enabled with the following: -->
	<!--     Budget                              5: -->
	<!--     Overdraft Budget                   75: -->
	<!--     Savings Budget                      2: -->
	<!-- Opened annotation file D:\Program Files\IntelSWTools\Inspector 2017\bin64\..\config\tc\qt.ant -->
	<!-- Opened annotation file D:\Program Files\IntelSWTools\Inspector 2017\bin64\..\config\tc\cpp11.ant -->
	<!-- Opened annotation file D:\Program Files\IntelSWTools\Inspector 2017\bin64\..\config\tc\fortran.ant -->
	<!-- Opened annotation file D:\Program Files\IntelSWTools\Inspector 2017\bin64\..\config\tc\icl.ant -->
	<!-- Opened annotation file D:\Program Files\IntelSWTools\Inspector 2017\bin64\..\config\tc\allocators.ant -->
	<!-- Opened annotation file D:\Program Files\IntelSWTools\Inspector 2017\bin64\..\config\tc\boost.ant -->
	<msg id='1' display='false' source='tccore'>
		<type>START</type>
		<severity>INFO</severity>
		<timestamp>Sun Jun 11 09:32:08 2017</timestamp>
	</msg>
	<!-- Successfully loaded CCRT 13.0.4 at address 0xc4e80000 - 0xc5069000 -->
	<!-- Successfully loaded the TC Analysis Core 8.0.23 at address 0x7fee7b40000 - 0x7fee7b6e000 -->
	<!-- Successfully loaded the TC Instrumentation Engine 8.0.23 at address 0xc4e80000 - 0xc5069000 -->
	<!-- This is the instance of interest -->
	<msg id='2' source='tcet'>
		<type>EXEC_OF_INTEREST</type>
		<severity>INFO</severity>
		<timestamp>Sun Jun 11 09:32:08 2017</timestamp>
		<arg name='process'>c:\users\student\documents\visual studio 2015\projects\pro-210_skt_lab2_bogatyrev\x64\debug\pro-210_skt_lab2_bogatyrev.exe</arg>
		<arg name='pid'>2968</arg>
	</msg>
	<msg id='3' source='tcet'>
		<type>LOAD_MODULE</type>
		<severity>INFO</severity>
		<timestamp>Sun Jun 11 09:32:08 2017</timestamp>
		<arg name='module'>c:\windows\system32\kernel32.dll</arg>
		<arg name='basement'>0x77570000</arg>
		<arg name='ceiling'>0x7768efff</arg>
	</msg>
	<!-- Target OS: Win7 or Server 2K8R2 -->
	<!-- NtDelayExecution was replaced in ntdll.dll -->
	<msg id='4' source='tcet'>
		<type>LOAD_MODULE</type>
		<severity>INFO</severity>
		<timestamp>Sun Jun 11 09:32:08 2017</timestamp>
		<arg name='module'>c:\windows\system32\ntdll.dll</arg>
		<arg name='basement'>0x77690000</arg>
		<arg name='ceiling'>0x77839fff</arg>
	</msg>
	<!-- Target OS: Win7 or Server 2K8R2 -->
	<msg id='5' source='tcet'>
		<type>LOAD_MODULE</type>
		<severity>INFO</severity>
		<timestamp>Sun Jun 11 09:32:08 2017</timestamp>
		<arg name='module'>c:\users\student\documents\visual studio 2015\projects\pro-210_skt_lab2_bogatyrev\x64\debug\pro-210_skt_lab2_bogatyrev.exe</arg>
		<arg name='basement'>0x13fe50000</arg>
		<arg name='ceiling'>0x13fe65fff</arg>
	</msg>
	<msg id='6' source='tcet'>
		<type>LOAD_MODULE</type>
		<severity>INFO</severity>
		<timestamp>Sun Jun 11 09:32:08 2017</timestamp>
		<arg name='module'>c:\windows\system32\kernelbase.dll</arg>
		<arg name='basement'>0x7fefd690000</arg>
		<arg name='ceiling'>0x7fefd6f9fff</arg>
	</msg>
	<!-- Target OS: Win7 or Server 2K8R2 -->
	<msg id='7' source='tcet'>
		<type>LOAD_MODULE</type>
		<severity>INFO</severity>
		<timestamp>Sun Jun 11 09:32:08 2017</timestamp>
		<arg name='module'>d:\program files\intelswtools\compilers_and_libraries_2017\windows\redist\intel64\compiler\libiomp5md.dll</arg>
		<arg name='basement'>0x7fee8890000</arg>
		<arg name='ceiling'>0x7fee89fffff</arg>
	</msg>
	<msg id='8' source='tcet'>
		<type>LOAD_MODULE</type>
		<severity>INFO</severity>
		<timestamp>Sun Jun 11 09:32:09 2017</timestamp>
		<arg name='module'>d:\program files\intelswtools\compilers_and_libraries_2017\windows\redist\intel64\compiler\libmmd.dll</arg>
		<arg name='basement'>0x7fee0280000</arg>
		<arg name='ceiling'>0x7fee05d6fff</arg>
	</msg>
	<msg id='9' source='tcet'>
		<type>LOAD_MODULE</type>
		<severity>INFO</severity>
		<timestamp>Sun Jun 11 09:32:09 2017</timestamp>
		<arg name='module'>c:\windows\system32\vcruntime140d.dll</arg>
		<arg name='basement'>0x7fef8220000</arg>
		<arg name='ceiling'>0x7fef8241fff</arg>
	</msg>
	<msg id='10' source='tcet'>
		<type>LOAD_MODULE</type>
		<severity>INFO</severity>
		<timestamp>Sun Jun 11 09:32:09 2017</timestamp>
		<arg name='module'>c:\windows\system32\ucrtbased.dll</arg>
		<arg name='basement'>0x7fee86d0000</arg>
		<arg name='ceiling'>0x7fee888afff</arg>
	</msg>
	<msg id='11' source='tcet'>
		<type>LOAD_MODULE</type>
		<severity>INFO</severity>
		<timestamp>Sun Jun 11 09:32:09 2017</timestamp>
		<arg name='module'>c:\windows\system32\api-ms-win-core-timezone-l1-1-0.dll</arg>
		<arg name='basement'>0x7fef58c0000</arg>
		<arg name='ceiling'>0x7fef58c2fff</arg>
	</msg>
	<!-- Routine at entry point of image c:\windows\system32\api-ms-win-core-timezone-l1-1-0.dll is invalid -->
	<msg id='12' source='tcet'>
		<type>LOAD_MODULE</type>
		<severity>INFO</severity>
		<timestamp>Sun Jun 11 09:32:09 2017</timestamp>
		<arg name='module'>c:\windows\system32\api-ms-win-core-file-l2-1-0.dll</arg>
		<arg name='basement'>0x7fef58b0000</arg>
		<arg name='ceiling'>0x7fef58b2fff</arg>
	</msg>
	<!-- Routine at entry point of image c:\windows\system32\api-ms-win-core-file-l2-1-0.dll is invalid -->
	<msg id='13' source='tcet'>
		<type>LOAD_MODULE</type>
		<severity>INFO</severity>
		<timestamp>Sun Jun 11 09:32:09 2017</timestamp>
		<arg name='module'>c:\windows\system32\api-ms-win-core-localization-l1-2-0.dll</arg>
		<arg name='basement'>0x7fef58a0000</arg>
		<arg name='ceiling'>0x7fef58a2fff</arg>
	</msg>
	<!-- Routine at entry point of image c:\windows\system32\api-ms-win-core-localization-l1-2-0.dll is invalid -->
	<msg id='14' source='tcet'>
		<type>LOAD_MODULE</type>
		<severity>INFO</severity>
		<timestamp>Sun Jun 11 09:32:09 2017</timestamp>
		<arg name='module'>c:\windows\system32\api-ms-win-core-synch-l1-2-0.dll</arg>
		<arg name='basement'>0x7fef5890000</arg>
		<arg name='ceiling'>0x7fef5892fff</arg>
	</msg>
	<!-- Routine at entry point of image c:\windows\system32\api-ms-win-core-synch-l1-2-0.dll is invalid -->
	<msg id='15' source='tcet'>
		<type>LOAD_MODULE</type>
		<severity>INFO</severity>
		<timestamp>Sun Jun 11 09:32:09 2017</timestamp>
		<arg name='module'>c:\windows\system32\api-ms-win-core-processthreads-l1-1-1.dll</arg>
		<arg name='basement'>0x7fef3c60000</arg>
		<arg name='ceiling'>0x7fef3c62fff</arg>
	</msg>
	<!-- Routine at entry point of image c:\windows\system32\api-ms-win-core-processthreads-l1-1-1.dll is invalid -->
	<msg id='16' source='tcet'>
		<type>LOAD_MODULE</type>
		<severity>INFO</severity>
		<timestamp>Sun Jun 11 09:32:09 2017</timestamp>
		<arg name='module'>c:\windows\system32\api-ms-win-core-file-l1-2-0.dll</arg>
		<arg name='basement'>0x7fef3c50000</arg>
		<arg name='ceiling'>0x7fef3c52fff</arg>
	</msg>
	<!-- Routine at entry point of image c:\windows\system32\api-ms-win-core-file-l1-2-0.dll is invalid -->
	<msg id='17' source='tcet'>
		<type>LOAD_MODULE</type>
		<severity>INFO</severity>
		<timestamp>Sun Jun 11 09:32:10 2017</timestamp>
		<arg name='module'>d:\program files\intelswtools\inspector 2017\bin64\runtime\libittnotify.dll</arg>
		<arg name='basement'>0x7fef81a0000</arg>
		<arg name='ceiling'>0x7fef81d2fff</arg>
	</msg>
	<!-- Target OS: Win7 or Server 2K8R2 -->
	<msg id='18' display='false' source='tcet'>
		<type>THREADNAME</type>
		<severity>INFO</severity>
		<timestamp>Sun Jun 11 09:32:10 2017</timestamp>
		<arg name='tid'>5612</arg>
		<arg name='name'>OMP Worker Thread #3</arg>
	</msg>
	<msg id='19' display='false' source='tcet'>
		<type>THREADNAME</type>
		<severity>INFO</severity>
		<timestamp>Sun Jun 11 09:32:10 2017</timestamp>
		<arg name='tid'>3516</arg>
		<arg name='name'>OMP Worker Thread #2</arg>
	</msg>
	<msg id='20' display='false' source='tcet'>
		<type>THREADNAME</type>
		<severity>INFO</severity>
		<timestamp>Sun Jun 11 09:32:10 2017</timestamp>
		<arg name='tid'>776</arg>
		<arg name='name'>OMP Worker Thread #1</arg>
	</msg>
	<msg id='21' display='false' source='tcet'>
		<type>THREADNAME</type>
		<severity>INFO</severity>
		<timestamp>Sun Jun 11 09:32:10 2017</timestamp>
		<arg name='tid'>5464</arg>
		<arg name='name'>OMP Master Thread #0</arg>
	</msg>
	<msg id='22' display='false' source='tcet'>
		<type>HEARTBEAT</type>
		<severity>INFO</severity>
		<timestamp>Sun Jun 11 09:32:10 2017</timestamp>
		<arg name='tids'>5612,3516,776,5072,5464</arg>
		<arg name='syscalls'>0,0,0,1,0</arg>
		<arg name='calls'>539,569,547,365,366846</arg>
	</msg>
	<msg id='23' source='tccore'>
		<type>CTSA_NO_STACK</type>
		<severity>WARNING</severity>
		<timestamp>Sun Jun 11 09:32:10 2017</timestamp>
	</msg>
	<msg id='24' display='false' source='tcet'>
		<type>HEARTBEAT</type>
		<severity>INFO</severity>
		<timestamp>Sun Jun 11 09:32:11 2017</timestamp>
		<arg name='tids'>5612,3516,776,5072,5464</arg>
		<arg name='syscalls'>0,0,0,1,0</arg>
		<arg name='calls'>3793578,3919257,3823291,10,3139976</arg>
	</msg>
	<!-- A thread end notification for 2 was received by thread 6 -->
	<!-- Thread 0 effective sampling rate is 1074182/21483651 -->
	<!-- Thread 3 effective sampling rate is 1222287/24445768 -->
	<!-- Thread 4 effective sampling rate is 1242023/24840504 -->
	<!-- Thread 5 effective sampling rate is 1203190/24063811 -->
	<!-- Thread 6 effective sampling rate is 0/0 -->
	<msg id='25' source='tcet'>
		<type>UNLOAD_MODULE</type>
		<severity>INFO</severity>
		<timestamp>Sun Jun 11 09:32:12 2017</timestamp>
		<arg name='module'>c:\windows\system32\kernel32.dll</arg>
	</msg>
	<msg id='26' source='tcet'>
		<type>UNLOAD_MODULE</type>
		<severity>INFO</severity>
		<timestamp>Sun Jun 11 09:32:12 2017</timestamp>
		<arg name='module'>c:\windows\system32\ntdll.dll</arg>
	</msg>
	<msg id='27' source='tcet'>
		<type>UNLOAD_MODULE</type>
		<severity>INFO</severity>
		<timestamp>Sun Jun 11 09:32:12 2017</timestamp>
		<arg name='module'>c:\users\student\documents\visual studio 2015\projects\pro-210_skt_lab2_bogatyrev\x64\debug\pro-210_skt_lab2_bogatyrev.exe</arg>
	</msg>
	<msg id='28' source='tcet'>
		<type>UNLOAD_MODULE</type>
		<severity>INFO</severity>
		<timestamp>Sun Jun 11 09:32:12 2017</timestamp>
		<arg name='module'>c:\windows\system32\kernelbase.dll</arg>
	</msg>
	<msg id='29' source='tcet'>
		<type>UNLOAD_MODULE</type>
		<severity>INFO</severity>
		<timestamp>Sun Jun 11 09:32:12 2017</timestamp>
		<arg name='module'>d:\program files\intelswtools\compilers_and_libraries_2017\windows\redist\intel64\compiler\libiomp5md.dll</arg>
	</msg>
	<msg id='30' source='tcet'>
		<type>UNLOAD_MODULE</type>
		<severity>INFO</severity>
		<timestamp>Sun Jun 11 09:32:12 2017</timestamp>
		<arg name='module'>d:\program files\intelswtools\compilers_and_libraries_2017\windows\redist\intel64\compiler\libmmd.dll</arg>
	</msg>
	<msg id='31' source='tcet'>
		<type>UNLOAD_MODULE</type>
		<severity>INFO</severity>
		<timestamp>Sun Jun 11 09:32:12 2017</timestamp>
		<arg name='module'>c:\windows\system32\vcruntime140d.dll</arg>
	</msg>
	<msg id='32' source='tcet'>
		<type>UNLOAD_MODULE</type>
		<severity>INFO</severity>
		<timestamp>Sun Jun 11 09:32:12 2017</timestamp>
		<arg name='module'>c:\windows\system32\ucrtbased.dll</arg>
	</msg>
	<msg id='33' source='tcet'>
		<type>UNLOAD_MODULE</type>
		<severity>INFO</severity>
		<timestamp>Sun Jun 11 09:32:12 2017</timestamp>
		<arg name='module'>c:\windows\system32\api-ms-win-core-timezone-l1-1-0.dll</arg>
	</msg>
	<msg id='34' source='tcet'>
		<type>UNLOAD_MODULE</type>
		<severity>INFO</severity>
		<timestamp>Sun Jun 11 09:32:12 2017</timestamp>
		<arg name='module'>c:\windows\system32\api-ms-win-core-file-l2-1-0.dll</arg>
	</msg>
	<msg id='35' source='tcet'>
		<type>UNLOAD_MODULE</type>
		<severity>INFO</severity>
		<timestamp>Sun Jun 11 09:32:12 2017</timestamp>
		<arg name='module'>c:\windows\system32\api-ms-win-core-localization-l1-2-0.dll</arg>
	</msg>
	<msg id='36' source='tcet'>
		<type>UNLOAD_MODULE</type>
		<severity>INFO</severity>
		<timestamp>Sun Jun 11 09:32:12 2017</timestamp>
		<arg name='module'>c:\windows\system32\api-ms-win-core-synch-l1-2-0.dll</arg>
	</msg>
	<msg id='37' source='tcet'>
		<type>UNLOAD_MODULE</type>
		<severity>INFO</severity>
		<timestamp>Sun Jun 11 09:32:12 2017</timestamp>
		<arg name='module'>c:\windows\system32\api-ms-win-core-processthreads-l1-1-1.dll</arg>
	</msg>
	<msg id='38' source='tcet'>
		<type>UNLOAD_MODULE</type>
		<severity>INFO</severity>
		<timestamp>Sun Jun 11 09:32:12 2017</timestamp>
		<arg name='module'>c:\windows\system32\api-ms-win-core-file-l1-2-0.dll</arg>
	</msg>
	<msg id='39' source='tcet'>
		<type>UNLOAD_MODULE</type>
		<severity>INFO</severity>
		<timestamp>Sun Jun 11 09:32:12 2017</timestamp>
		<arg name='module'>d:\program files\intelswtools\inspector 2017\bin64\runtime\libittnotify.dll</arg>
	</msg>
	<msg id='40' source='tcet'>
		<type>PROCESS_TERMINATE</type>
		<severity>INFO</severity>
		<timestamp>Sun Jun 11 09:32:12 2017</timestamp>
		<arg name='process'>c:\users\student\documents\visual studio 2015\projects\pro-210_skt_lab2_bogatyrev\x64\debug\pro-210_skt_lab2_bogatyrev.exe</arg>
		<arg name='pid'>2968</arg>
	</msg>
	<msg id='41' display='false' source='tccore'>
		<type>ANALYSIS_COMPLETE</type>
		<severity>INFO</severity>
		<timestamp>Sun Jun 11 09:32:12 2017</timestamp>
	</msg>
	<msg id='42' display='false' source='tccore'>
		<type>STOP</type>
		<severity>INFO</severity>
		<timestamp>Sun Jun 11 09:32:12 2017</timestamp>
	</msg>
</log>