<?xml version="1.0" encoding="utf-8" ?>
<!-- DO NOT EDIT THIS FILE -->

<log version='2.0' source='tcet'>
	<!-- Opened annotation file D:\Program Files\IntelSWTools\Inspector 2017\bin64\..\config\tc\qt.ant -->
	<!-- Opened annotation file D:\Program Files\IntelSWTools\Inspector 2017\bin64\..\config\tc\cpp11.ant -->
	<!-- Opened annotation file D:\Program Files\IntelSWTools\Inspector 2017\bin64\..\config\tc\fortran.ant -->
	<!-- Opened annotation file D:\Program Files\IntelSWTools\Inspector 2017\bin64\..\config\tc\icl.ant -->
	<!-- Opened annotation file D:\Program Files\IntelSWTools\Inspector 2017\bin64\..\config\tc\allocators.ant -->
	<!-- Opened annotation file D:\Program Files\IntelSWTools\Inspector 2017\bin64\..\config\tc\boost.ant -->
	<msg id='1' display='false' source='tccore'>
		<type>START</type>
		<severity>INFO</severity>
		<timestamp>Sun Jun 11 09:33:29 2017</timestamp>
	</msg>
	<!-- Successfully loaded CCRT 13.0.4 at address 0xc4cd0000 - 0xc4eb9000 -->
	<!-- Successfully loaded the TC Analysis Core 8.0.23 at address 0x7fee80a0000 - 0x7fee80ce000 -->
	<!-- Successfully loaded the TC Instrumentation Engine 8.0.23 at address 0xc4cd0000 - 0xc4eb9000 -->
	<!-- This is the instance of interest -->
	<msg id='2' source='tcet'>
		<type>EXEC_OF_INTEREST</type>
		<severity>INFO</severity>
		<timestamp>Sun Jun 11 09:33:29 2017</timestamp>
		<arg name='process'>c:\users\student\documents\visual studio 2015\projects\pro-210_skt_lab2_bogatyrev\x64\debug\pro-210_skt_lab2_bogatyrev.exe</arg>
		<arg name='pid'>6204</arg>
	</msg>
	<msg id='3' source='tcet'>
		<type>LOAD_MODULE</type>
		<severity>INFO</severity>
		<timestamp>Sun Jun 11 09:33:29 2017</timestamp>
		<arg name='module'>c:\windows\system32\kernel32.dll</arg>
		<arg name='basement'>0x77570000</arg>
		<arg name='ceiling'>0x7768efff</arg>
	</msg>
	<!-- Target OS: Win7 or Server 2K8R2 -->
	<!-- NtDelayExecution was replaced in ntdll.dll -->
	<msg id='4' source='tcet'>
		<type>LOAD_MODULE</type>
		<severity>INFO</severity>
		<timestamp>Sun Jun 11 09:33:29 2017</timestamp>
		<arg name='module'>c:\windows\system32\ntdll.dll</arg>
		<arg name='basement'>0x77690000</arg>
		<arg name='ceiling'>0x77839fff</arg>
	</msg>
	<!-- Target OS: Win7 or Server 2K8R2 -->
	<msg id='5' source='tcet'>
		<type>LOAD_MODULE</type>
		<severity>INFO</severity>
		<timestamp>Sun Jun 11 09:33:29 2017</timestamp>
		<arg name='module'>c:\users\student\documents\visual studio 2015\projects\pro-210_skt_lab2_bogatyrev\x64\debug\pro-210_skt_lab2_bogatyrev.exe</arg>
		<arg name='basement'>0x13ffd0000</arg>
		<arg name='ceiling'>0x13ffe5fff</arg>
	</msg>
	<msg id='6' source='tcet'>
		<type>LOAD_MODULE</type>
		<severity>INFO</severity>
		<timestamp>Sun Jun 11 09:33:29 2017</timestamp>
		<arg name='module'>c:\windows\system32\kernelbase.dll</arg>
		<arg name='basement'>0x7fefd690000</arg>
		<arg name='ceiling'>0x7fefd6f9fff</arg>
	</msg>
	<!-- Target OS: Win7 or Server 2K8R2 -->
	<msg id='7' source='tcet'>
		<type>LOAD_MODULE</type>
		<severity>INFO</severity>
		<timestamp>Sun Jun 11 09:33:30 2017</timestamp>
		<arg name='module'>d:\program files\intelswtools\compilers_and_libraries_2017\windows\redist\intel64\compiler\libiomp5md.dll</arg>
		<arg name='basement'>0x7fee7ca0000</arg>
		<arg name='ceiling'>0x7fee7e0ffff</arg>
	</msg>
	<msg id='8' source='tcet'>
		<type>LOAD_MODULE</type>
		<severity>INFO</severity>
		<timestamp>Sun Jun 11 09:33:30 2017</timestamp>
		<arg name='module'>d:\program files\intelswtools\compilers_and_libraries_2017\windows\redist\intel64\compiler\libmmd.dll</arg>
		<arg name='basement'>0x7fedff20000</arg>
		<arg name='ceiling'>0x7fee0276fff</arg>
	</msg>
	<msg id='9' source='tcet'>
		<type>LOAD_MODULE</type>
		<severity>INFO</severity>
		<timestamp>Sun Jun 11 09:33:30 2017</timestamp>
		<arg name='module'>c:\windows\system32\vcruntime140d.dll</arg>
		<arg name='basement'>0x7fef81f0000</arg>
		<arg name='ceiling'>0x7fef8211fff</arg>
	</msg>
	<msg id='10' source='tcet'>
		<type>LOAD_MODULE</type>
		<severity>INFO</severity>
		<timestamp>Sun Jun 11 09:33:30 2017</timestamp>
		<arg name='module'>c:\windows\system32\ucrtbased.dll</arg>
		<arg name='basement'>0x7fee7270000</arg>
		<arg name='ceiling'>0x7fee742afff</arg>
	</msg>
	<msg id='11' source='tcet'>
		<type>LOAD_MODULE</type>
		<severity>INFO</severity>
		<timestamp>Sun Jun 11 09:33:30 2017</timestamp>
		<arg name='module'>c:\windows\system32\api-ms-win-core-timezone-l1-1-0.dll</arg>
		<arg name='basement'>0x7fef58c0000</arg>
		<arg name='ceiling'>0x7fef58c2fff</arg>
	</msg>
	<!-- Routine at entry point of image c:\windows\system32\api-ms-win-core-timezone-l1-1-0.dll is invalid -->
	<msg id='12' source='tcet'>
		<type>LOAD_MODULE</type>
		<severity>INFO</severity>
		<timestamp>Sun Jun 11 09:33:30 2017</timestamp>
		<arg name='module'>c:\windows\system32\api-ms-win-core-file-l2-1-0.dll</arg>
		<arg name='basement'>0x7fef58b0000</arg>
		<arg name='ceiling'>0x7fef58b2fff</arg>
	</msg>
	<!-- Routine at entry point of image c:\windows\system32\api-ms-win-core-file-l2-1-0.dll is invalid -->
	<msg id='13' source='tcet'>
		<type>LOAD_MODULE</type>
		<severity>INFO</severity>
		<timestamp>Sun Jun 11 09:33:30 2017</timestamp>
		<arg name='module'>c:\windows\system32\api-ms-win-core-localization-l1-2-0.dll</arg>
		<arg name='basement'>0x7fef58a0000</arg>
		<arg name='ceiling'>0x7fef58a2fff</arg>
	</msg>
	<!-- Routine at entry point of image c:\windows\system32\api-ms-win-core-localization-l1-2-0.dll is invalid -->
	<msg id='14' source='tcet'>
		<type>LOAD_MODULE</type>
		<severity>INFO</severity>
		<timestamp>Sun Jun 11 09:33:30 2017</timestamp>
		<arg name='module'>c:\windows\system32\api-ms-win-core-synch-l1-2-0.dll</arg>
		<arg name='basement'>0x7fef5890000</arg>
		<arg name='ceiling'>0x7fef5892fff</arg>
	</msg>
	<!-- Routine at entry point of image c:\windows\system32\api-ms-win-core-synch-l1-2-0.dll is invalid -->
	<msg id='15' source='tcet'>
		<type>LOAD_MODULE</type>
		<severity>INFO</severity>
		<timestamp>Sun Jun 11 09:33:30 2017</timestamp>
		<arg name='module'>c:\windows\system32\api-ms-win-core-processthreads-l1-1-1.dll</arg>
		<arg name='basement'>0x7fef3c60000</arg>
		<arg name='ceiling'>0x7fef3c62fff</arg>
	</msg>
	<!-- Routine at entry point of image c:\windows\system32\api-ms-win-core-processthreads-l1-1-1.dll is invalid -->
	<msg id='16' source='tcet'>
		<type>LOAD_MODULE</type>
		<severity>INFO</severity>
		<timestamp>Sun Jun 11 09:33:30 2017</timestamp>
		<arg name='module'>c:\windows\system32\api-ms-win-core-file-l1-2-0.dll</arg>
		<arg name='basement'>0x7fef3c50000</arg>
		<arg name='ceiling'>0x7fef3c52fff</arg>
	</msg>
	<!-- Routine at entry point of image c:\windows\system32\api-ms-win-core-file-l1-2-0.dll is invalid -->
	<msg id='17' source='tcet'>
		<type>LOAD_MODULE</type>
		<severity>INFO</severity>
		<timestamp>Sun Jun 11 09:33:31 2017</timestamp>
		<arg name='module'>d:\program files\intelswtools\inspector 2017\bin64\runtime\libittnotify.dll</arg>
		<arg name='basement'>0x7fef81b0000</arg>
		<arg name='ceiling'>0x7fef81e2fff</arg>
	</msg>
	<!-- Target OS: Win7 or Server 2K8R2 -->
	<msg id='18' display='false' source='tcet'>
		<type>THREADNAME</type>
		<severity>INFO</severity>
		<timestamp>Sun Jun 11 09:33:32 2017</timestamp>
		<arg name='tid'>2316</arg>
		<arg name='name'>OMP Worker Thread #3</arg>
	</msg>
	<msg id='19' display='false' source='tcet'>
		<type>THREADNAME</type>
		<severity>INFO</severity>
		<timestamp>Sun Jun 11 09:33:32 2017</timestamp>
		<arg name='tid'>5224</arg>
		<arg name='name'>OMP Worker Thread #2</arg>
	</msg>
	<msg id='20' display='false' source='tcet'>
		<type>THREADNAME</type>
		<severity>INFO</severity>
		<timestamp>Sun Jun 11 09:33:32 2017</timestamp>
		<arg name='tid'>6464</arg>
		<arg name='name'>OMP Worker Thread #1</arg>
	</msg>
	<msg id='21' display='false' source='tcet'>
		<type>THREADNAME</type>
		<severity>INFO</severity>
		<timestamp>Sun Jun 11 09:33:32 2017</timestamp>
		<arg name='tid'>5548</arg>
		<arg name='name'>OMP Master Thread #0</arg>
	</msg>
	<msg id='22' display='false' source='tcet'>
		<type>HEARTBEAT</type>
		<severity>INFO</severity>
		<timestamp>Sun Jun 11 09:33:32 2017</timestamp>
		<arg name='tids'>2316,5224,6464,5920,5548</arg>
		<arg name='syscalls'>1,0,0,1,0</arg>
		<arg name='calls'>518,556,564,365,309712</arg>
	</msg>
	<msg id='23' source='tccore'>
		<type>CTSA_NO_STACK</type>
		<severity>WARNING</severity>
		<timestamp>Sun Jun 11 09:33:32 2017</timestamp>
	</msg>
	<msg id='24' display='false' source='tcet'>
		<type>HEARTBEAT</type>
		<severity>INFO</severity>
		<timestamp>Sun Jun 11 09:33:33 2017</timestamp>
		<arg name='tids'>2316,5224,6464,5920,5548</arg>
		<arg name='syscalls'>0,0,0,1,0</arg>
		<arg name='calls'>2580426,2656112,2649100,10,2244598</arg>
	</msg>
	<msg id='25' display='false' source='tcet'>
		<type>HEARTBEAT</type>
		<severity>INFO</severity>
		<timestamp>Sun Jun 11 09:33:34 2017</timestamp>
		<arg name='tids'>2316,5224,6464,5920,5548</arg>
		<arg name='syscalls'>0,0,0,1,0</arg>
		<arg name='calls'>2728124,2821703,2842398,10,2838088</arg>
	</msg>
	<msg id='26' display='false' source='tcet'>
		<type>HEARTBEAT</type>
		<severity>INFO</severity>
		<timestamp>Sun Jun 11 09:33:35 2017</timestamp>
		<arg name='tids'>2316,5224,6464,5920,5548</arg>
		<arg name='syscalls'>0,0,0,1,0</arg>
		<arg name='calls'>2757309,2817350,2828052,10,2812074</arg>
	</msg>
	<msg id='27' display='false' source='tcet'>
		<type>HEARTBEAT</type>
		<severity>INFO</severity>
		<timestamp>Sun Jun 11 09:33:36 2017</timestamp>
		<arg name='tids'>2316,5224,6464,5920,5548</arg>
		<arg name='syscalls'>0,0,0,1,0</arg>
		<arg name='calls'>2741594,5660992,2855158,10,2854293</arg>
	</msg>
	<msg id='28' display='false' source='tcet'>
		<type>HEARTBEAT</type>
		<severity>INFO</severity>
		<timestamp>Sun Jun 11 09:33:37 2017</timestamp>
		<arg name='tids'>2316,5224,6464,5920,5548</arg>
		<arg name='syscalls'>0,0,0,1,0</arg>
		<arg name='calls'>2755513,2800862,2810740,10,2802658</arg>
	</msg>
	<msg id='29' display='false' source='tcet'>
		<type>HEARTBEAT</type>
		<severity>INFO</severity>
		<timestamp>Sun Jun 11 09:33:38 2017</timestamp>
		<arg name='tids'>2316,5224,6464,5920,5548</arg>
		<arg name='syscalls'>0,0,0,1,0</arg>
		<arg name='calls'>2763595,2804005,2806056,10,2828700</arg>
	</msg>
	<msg id='30' display='false' source='tcet'>
		<type>HEARTBEAT</type>
		<severity>INFO</severity>
		<timestamp>Sun Jun 11 09:33:39 2017</timestamp>
		<arg name='tids'>2316,5224,6464,5920,5548</arg>
		<arg name='syscalls'>0,0,0,1,0</arg>
		<arg name='calls'>2739798,2806901,5633154,10,2824210</arg>
	</msg>
	<msg id='31' display='false' source='tcet'>
		<type>HEARTBEAT</type>
		<severity>INFO</severity>
		<timestamp>Sun Jun 11 09:33:40 2017</timestamp>
		<arg name='tids'>2316,5224,6464,5920,5548</arg>
		<arg name='syscalls'>0,0,0,1,0</arg>
		<arg name='calls'>2746533,5637060,2845313,10,2848565</arg>
	</msg>
	<msg id='32' display='false' source='tcet'>
		<type>HEARTBEAT</type>
		<severity>INFO</severity>
		<timestamp>Sun Jun 11 09:33:41 2017</timestamp>
		<arg name='tids'>2316,5224,6464,5920,5548</arg>
		<arg name='syscalls'>0,0,0,1,0</arg>
		<arg name='calls'>2705225,2792720,2790535,10,2584333</arg>
	</msg>
	<msg id='33' display='false' source='tcet'>
		<type>HEARTBEAT</type>
		<severity>INFO</severity>
		<timestamp>Sun Jun 11 09:33:42 2017</timestamp>
		<arg name='tids'>2316,5224,6464,5920,5548</arg>
		<arg name='syscalls'>0,0,0,1,0</arg>
		<arg name='calls'>2769432,2796112,2823875,10,2818373</arg>
	</msg>
	<msg id='34' display='false' source='tcet'>
		<type>HEARTBEAT</type>
		<severity>INFO</severity>
		<timestamp>Sun Jun 11 09:33:43 2017</timestamp>
		<arg name='tids'>2316,5224,6464,5920,5548</arg>
		<arg name='syscalls'>0,0,0,1,0</arg>
		<arg name='calls'>2784249,2842170,2851034,10,2853844</arg>
	</msg>
	<msg id='35' display='false' source='tcet'>
		<type>HEARTBEAT</type>
		<severity>INFO</severity>
		<timestamp>Sun Jun 11 09:33:44 2017</timestamp>
		<arg name='tids'>2316,5224,6464,5920,5548</arg>
		<arg name='syscalls'>0,0,0,1,0</arg>
		<arg name='calls'>2792780,2885069,2891274,10,2892907</arg>
	</msg>
	<msg id='36' display='false' source='tcet'>
		<type>HEARTBEAT</type>
		<severity>INFO</severity>
		<timestamp>Sun Jun 11 09:33:45 2017</timestamp>
		<arg name='tids'>2316,5224,6464,5920,5548</arg>
		<arg name='syscalls'>0,0,0,1,0</arg>
		<arg name='calls'>2743839,2840214,2859403,10,2834537</arg>
	</msg>
	<msg id='37' display='false' source='tcet'>
		<type>HEARTBEAT</type>
		<severity>INFO</severity>
		<timestamp>Sun Jun 11 09:33:46 2017</timestamp>
		<arg name='tids'>2316,5224,6464,5920,5548</arg>
		<arg name='syscalls'>0,0,0,1,0</arg>
		<arg name='calls'>2747431,2843176,2858896,10,2828700</arg>
	</msg>
	<msg id='38' display='false' source='tcet'>
		<type>HEARTBEAT</type>
		<severity>INFO</severity>
		<timestamp>Sun Jun 11 09:33:47 2017</timestamp>
		<arg name='tids'>2316,5224,6464,5920,5548</arg>
		<arg name='syscalls'>0,0,0,1,0</arg>
		<arg name='calls'>2741145,2803176,2820618,10,2821067</arg>
	</msg>
	<msg id='39' display='false' source='tcet'>
		<type>HEARTBEAT</type>
		<severity>INFO</severity>
		<timestamp>Sun Jun 11 09:33:48 2017</timestamp>
		<arg name='tids'>2316,5224,6464,5920,5548</arg>
		<arg name='syscalls'>0,0,0,1,0</arg>
		<arg name='calls'>2749227,2816632,2839516,10,2834088</arg>
	</msg>
	<msg id='40' display='false' source='tcet'>
		<type>HEARTBEAT</type>
		<severity>INFO</severity>
		<timestamp>Sun Jun 11 09:33:49 2017</timestamp>
		<arg name='tids'>2316,5224,6464,5920,5548</arg>
		<arg name='syscalls'>0,0,0,1,0</arg>
		<arg name='calls'>2730369,2811310,2825329,10,2830496</arg>
	</msg>
	<msg id='41' display='false' source='tcet'>
		<type>HEARTBEAT</type>
		<severity>INFO</severity>
		<timestamp>Sun Jun 11 09:33:50 2017</timestamp>
		<arg name='tids'>2316,5224,6464,5920,5548</arg>
		<arg name='syscalls'>0,0,0,1,0</arg>
		<arg name='calls'>2860654,7757788,8890432,10,4554020</arg>
	</msg>
	<msg id='42' source='tcet'>
		<type>LOAD_MODULE</type>
		<severity>INFO</severity>
		<timestamp>Sun Jun 11 09:33:51 2017</timestamp>
		<arg name='module'>c:\windows\system32\apphelp.dll</arg>
		<arg name='basement'>0x7fefd4b0000</arg>
		<arg name='ceiling'>0x7fefd506fff</arg>
	</msg>
	<!-- Starting child process 6312 natively -->
	<msg id='43' display='false' source='tcet'>
		<type>HEARTBEAT</type>
		<severity>INFO</severity>
		<timestamp>Sun Jun 11 09:33:51 2017</timestamp>
		<arg name='tids'>2316,5224,6464,5920,5548</arg>
		<arg name='syscalls'>1,1,1,1,1</arg>
		<arg name='calls'>7811678,1321129,1383769,10,3978492</arg>
	</msg>
	<msg id='44' display='false' source='tcet'>
		<type>HEARTBEAT</type>
		<severity>INFO</severity>
		<timestamp>Sun Jun 11 09:33:52 2017</timestamp>
		<arg name='tids'>2316,5224,6464,5920,5548</arg>
		<arg name='syscalls'>1,1,1,1,1</arg>
		<arg name='calls'>0,0,0,10,0</arg>
	</msg>
	<msg id='45' display='false' source='tcet'>
		<type>HEARTBEAT</type>
		<severity>INFO</severity>
		<timestamp>Sun Jun 11 09:33:53 2017</timestamp>
		<arg name='tids'>2316,5224,6464,5920,5548</arg>
		<arg name='syscalls'>1,1,1,1,1</arg>
		<arg name='calls'>0,0,0,10,0</arg>
	</msg>
	<msg id='46' display='false' source='tcet'>
		<type>HEARTBEAT</type>
		<severity>INFO</severity>
		<timestamp>Sun Jun 11 09:33:54 2017</timestamp>
		<arg name='tids'>2316,5224,6464,5920,5548</arg>
		<arg name='syscalls'>1,1,1,1,1</arg>
		<arg name='calls'>0,0,0,10,0</arg>
	</msg>
	<msg id='47' display='false' source='tcet'>
		<type>HEARTBEAT</type>
		<severity>INFO</severity>
		<timestamp>Sun Jun 11 09:33:55 2017</timestamp>
		<arg name='tids'>2316,5224,6464,5920,5548</arg>
		<arg name='syscalls'>1,1,1,1,1</arg>
		<arg name='calls'>0,0,0,10,0</arg>
	</msg>
	<!-- A thread end notification for 2 was received by thread 0 -->
	<!-- A thread end notification for 3 was received by thread 0 -->
	<!-- A thread end notification for 4 was received by thread 0 -->
	<!-- A thread end notification for 5 was received by thread 0 -->
	<msg id='48' source='tcet'>
		<type>UNLOAD_MODULE</type>
		<severity>INFO</severity>
		<timestamp>Sun Jun 11 09:33:55 2017</timestamp>
		<arg name='module'>c:\windows\system32\kernel32.dll</arg>
	</msg>
	<msg id='49' source='tcet'>
		<type>UNLOAD_MODULE</type>
		<severity>INFO</severity>
		<timestamp>Sun Jun 11 09:33:55 2017</timestamp>
		<arg name='module'>c:\windows\system32\ntdll.dll</arg>
	</msg>
	<msg id='50' source='tcet'>
		<type>UNLOAD_MODULE</type>
		<severity>INFO</severity>
		<timestamp>Sun Jun 11 09:33:55 2017</timestamp>
		<arg name='module'>c:\users\student\documents\visual studio 2015\projects\pro-210_skt_lab2_bogatyrev\x64\debug\pro-210_skt_lab2_bogatyrev.exe</arg>
	</msg>
	<msg id='51' source='tcet'>
		<type>UNLOAD_MODULE</type>
		<severity>INFO</severity>
		<timestamp>Sun Jun 11 09:33:55 2017</timestamp>
		<arg name='module'>c:\windows\system32\kernelbase.dll</arg>
	</msg>
	<msg id='52' source='tcet'>
		<type>UNLOAD_MODULE</type>
		<severity>INFO</severity>
		<timestamp>Sun Jun 11 09:33:55 2017</timestamp>
		<arg name='module'>d:\program files\intelswtools\compilers_and_libraries_2017\windows\redist\intel64\compiler\libiomp5md.dll</arg>
	</msg>
	<msg id='53' source='tcet'>
		<type>UNLOAD_MODULE</type>
		<severity>INFO</severity>
		<timestamp>Sun Jun 11 09:33:55 2017</timestamp>
		<arg name='module'>d:\program files\intelswtools\compilers_and_libraries_2017\windows\redist\intel64\compiler\libmmd.dll</arg>
	</msg>
	<msg id='54' source='tcet'>
		<type>UNLOAD_MODULE</type>
		<severity>INFO</severity>
		<timestamp>Sun Jun 11 09:33:55 2017</timestamp>
		<arg name='module'>c:\windows\system32\vcruntime140d.dll</arg>
	</msg>
	<msg id='55' source='tcet'>
		<type>UNLOAD_MODULE</type>
		<severity>INFO</severity>
		<timestamp>Sun Jun 11 09:33:55 2017</timestamp>
		<arg name='module'>c:\windows\system32\ucrtbased.dll</arg>
	</msg>
	<msg id='56' source='tcet'>
		<type>UNLOAD_MODULE</type>
		<severity>INFO</severity>
		<timestamp>Sun Jun 11 09:33:55 2017</timestamp>
		<arg name='module'>c:\windows\system32\api-ms-win-core-timezone-l1-1-0.dll</arg>
	</msg>
	<msg id='57' source='tcet'>
		<type>UNLOAD_MODULE</type>
		<severity>INFO</severity>
		<timestamp>Sun Jun 11 09:33:55 2017</timestamp>
		<arg name='module'>c:\windows\system32\api-ms-win-core-file-l2-1-0.dll</arg>
	</msg>
	<msg id='58' source='tcet'>
		<type>UNLOAD_MODULE</type>
		<severity>INFO</severity>
		<timestamp>Sun Jun 11 09:33:55 2017</timestamp>
		<arg name='module'>c:\windows\system32\api-ms-win-core-localization-l1-2-0.dll</arg>
	</msg>
	<msg id='59' source='tcet'>
		<type>UNLOAD_MODULE</type>
		<severity>INFO</severity>
		<timestamp>Sun Jun 11 09:33:55 2017</timestamp>
		<arg name='module'>c:\windows\system32\api-ms-win-core-synch-l1-2-0.dll</arg>
	</msg>
	<msg id='60' source='tcet'>
		<type>UNLOAD_MODULE</type>
		<severity>INFO</severity>
		<timestamp>Sun Jun 11 09:33:55 2017</timestamp>
		<arg name='module'>c:\windows\system32\api-ms-win-core-processthreads-l1-1-1.dll</arg>
	</msg>
	<msg id='61' source='tcet'>
		<type>UNLOAD_MODULE</type>
		<severity>INFO</severity>
		<timestamp>Sun Jun 11 09:33:55 2017</timestamp>
		<arg name='module'>c:\windows\system32\api-ms-win-core-file-l1-2-0.dll</arg>
	</msg>
	<msg id='62' source='tcet'>
		<type>UNLOAD_MODULE</type>
		<severity>INFO</severity>
		<timestamp>Sun Jun 11 09:33:55 2017</timestamp>
		<arg name='module'>d:\program files\intelswtools\inspector 2017\bin64\runtime\libittnotify.dll</arg>
	</msg>
	<msg id='63' source='tcet'>
		<type>UNLOAD_MODULE</type>
		<severity>INFO</severity>
		<timestamp>Sun Jun 11 09:33:55 2017</timestamp>
		<arg name='module'>c:\windows\system32\apphelp.dll</arg>
	</msg>
	<msg id='64' source='tcet'>
		<type>PROCESS_TERMINATE</type>
		<severity>INFO</severity>
		<timestamp>Sun Jun 11 09:33:55 2017</timestamp>
		<arg name='process'>c:\users\student\documents\visual studio 2015\projects\pro-210_skt_lab2_bogatyrev\x64\debug\pro-210_skt_lab2_bogatyrev.exe</arg>
		<arg name='pid'>6204</arg>
	</msg>
	<msg id='65' display='false' source='tccore'>
		<type>ANALYSIS_COMPLETE</type>
		<severity>INFO</severity>
		<timestamp>Sun Jun 11 09:33:55 2017</timestamp>
	</msg>
	<msg id='66' display='false' source='tccore'>
		<type>STOP</type>
		<severity>INFO</severity>
		<timestamp>Sun Jun 11 09:33:55 2017</timestamp>
	</msg>
</log>